Copyright 1986-2022 Xilinx, Inc. All Rights Reserved. Copyright 2022-2024 Advanced Micro Devices, Inc. All Rights Reserved.
---------------------------------------------------------------------------------------------------------------------------------------------
| Tool Version : Vivado v.2024.1.2 (win64) Build 5164865 Thu Sep  5 14:37:11 MDT 2024
| Date         : Wed Jun 24 19:26:38 2026
| Host         : Avishai-Lenovo running 64-bit major release  (build 9200)
| Command      : report_control_sets -verbose -file compressor_timing_top_control_sets_placed.rpt
| Design       : compressor_timing_top
| Device       : xc7z020
---------------------------------------------------------------------------------------------------------------------------------------------

Control Set Information

Table of Contents
-----------------
1. Summary
2. Histogram
3. Flip-Flop Distribution
4. Detailed Control Set Information

1. Summary
----------

+----------------------------------------------------------+-------+
|                          Status                          | Count |
+----------------------------------------------------------+-------+
| Total control sets                                       |     4 |
|    Minimum number of control sets                        |     4 |
|    Addition due to synthesis replication                 |     0 |
|    Addition due to physical synthesis replication        |     0 |
| Unused register locations in slices containing registers |    13 |
+----------------------------------------------------------+-------+
* Control sets can be merged at opt_design using control_set_merge or merge_equivalent_drivers
** Run report_qor_suggestions for automated merging and remapping suggestions


2. Histogram
------------

+--------------------+-------+
|       Fanout       | Count |
+--------------------+-------+
| Total control sets |     4 |
| >= 0 to < 4        |     1 |
| >= 4 to < 6        |     1 |
| >= 6 to < 8        |     0 |
| >= 8 to < 10       |     0 |
| >= 10 to < 12      |     0 |
| >= 12 to < 14      |     0 |
| >= 14 to < 16      |     0 |
| >= 16              |     2 |
+--------------------+-------+
* Control sets can be remapped at either synth_design or opt_design


3. Flip-Flop Distribution
-------------------------

+--------------+-----------------------+------------------------+-----------------+--------------+
| Clock Enable | Synchronous Set/Reset | Asynchronous Set/Reset | Total Registers | Total Slices |
+--------------+-----------------------+------------------------+-----------------+--------------+
| No           | No                    | No                     |               0 |            0 |
| No           | No                    | Yes                    |               3 |            3 |
| No           | Yes                   | No                     |               0 |            0 |
| Yes          | No                    | No                     |               0 |            0 |
| Yes          | No                    | Yes                    |             256 |           47 |
| Yes          | Yes                   | No                     |               0 |            0 |
+--------------+-----------------------+------------------------+-----------------+--------------+


4. Detailed Control Set Information
-----------------------------------

+----------------+-------------------------+---------------------------+------------------+----------------+--------------+
|  Clock Signal  |      Enable Signal      |      Set/Reset Signal     | Slice Load Count | Bel Load Count | Bels / Slice |
+----------------+-------------------------+---------------------------+------------------+----------------+--------------+
|  clk_IBUF_BUFG |                         | u_compressor/rze_i/nrst_0 |                3 |              3 |         1.00 |
|  clk_IBUF_BUFG | u_compressor/bit_i/E[0] | u_compressor/rze_i/nrst_0 |                2 |              4 |         2.00 |
|  clk_IBUF_BUFG | u_compressor/dn_i/valid | u_compressor/rze_i/nrst_0 |               20 |            126 |         6.30 |
|  clk_IBUF_BUFG | start_IBUF              | u_compressor/rze_i/nrst_0 |               25 |            126 |         5.04 |
+----------------+-------------------------+---------------------------+------------------+----------------+--------------+


