
*** Running vivado
    with args -log compressor_timing_top.vdi -applog -m64 -product Vivado -messageDb vivado.pb -mode batch -source compressor_timing_top.tcl -notrace



****** Vivado v2024.1.2 (64-bit)
  **** SW Build 5164865 on Thu Sep  5 14:37:11 MDT 2024
  **** IP Build 5164407 on Fri Sep  6 08:18:11 MDT 2024
  **** SharedData Build 5164864 on Thu Sep 05 13:09:09 MDT 2024
  **** Start of session at: Wed Jun 24 19:25:39 2026
    ** Copyright 1986-2022 Xilinx, Inc. All Rights Reserved.
    ** Copyright 2022-2024 Advanced Micro Devices, Inc. All Rights Reserved.

source compressor_timing_top.tcl -notrace
create_project: Time (s): cpu = 00:00:07 ; elapsed = 00:00:08 . Memory (MB): peak = 565.461 ; gain = 122.039
Command: link_design -top compressor_timing_top -part xc7z020clg400-1
Design is defaulting to srcset: sources_1
Design is defaulting to constrset: constrs_1
INFO: [Device 21-403] Loading part xc7z020clg400-1
INFO: [Device 21-9227] Part: xc7z020clg400-1 does not have CEAM library.
Netlist sorting complete. Time (s): cpu = 00:00:00 ; elapsed = 00:00:00.167 . Memory (MB): peak = 1031.676 ; gain = 0.000
INFO: [Netlist 29-17] Analyzing 512 Unisim elements for replacement
INFO: [Netlist 29-28] Unisim Transformation completed in 0 CPU seconds
INFO: [Project 1-479] Netlist was created with Vivado 2024.1.2
INFO: [Project 1-570] Preparing netlist for logic optimization
Parsing XDC File [C:/Users/kolet/projects/vlsi2/compressor_hw/tb/timing_compare/constraints/compressor.xdc]
Finished Parsing XDC File [C:/Users/kolet/projects/vlsi2/compressor_hw/tb/timing_compare/constraints/compressor.xdc]
INFO: [Opt 31-138] Pushed 0 inverter(s) to 0 load pin(s).
Netlist sorting complete. Time (s): cpu = 00:00:00 ; elapsed = 00:00:00.004 . Memory (MB): peak = 1196.973 ; gain = 0.000
INFO: [Project 1-111] Unisim Transformation Summary:
No Unisim elements were transformed.

8 Infos, 0 Warnings, 0 Critical Warnings and 0 Errors encountered.
link_design completed successfully
link_design: Time (s): cpu = 00:00:06 ; elapsed = 00:00:08 . Memory (MB): peak = 1200.973 ; gain = 635.512
Command: opt_design
Attempting to get a license for feature 'Implementation' and/or device 'xc7z020'
INFO: [Common 17-349] Got license for feature 'Implementation' and/or device 'xc7z020'
Running DRC as a precondition to command opt_design

Starting DRC Task
INFO: [DRC 23-27] Running DRC with 2 threads
INFO: [Project 1-461] DRC finished with 0 Errors
INFO: [Project 1-462] Please refer to the DRC report (report_drc) for more information.

Time (s): cpu = 00:00:02 ; elapsed = 00:00:00.845 . Memory (MB): peak = 1217.395 ; gain = 16.422

Starting Cache Timing Information Task
INFO: [Timing 38-35] Done setting XDC timing constraints.
Ending Cache Timing Information Task | Checksum: 93fbd5e6

Time (s): cpu = 00:00:05 ; elapsed = 00:00:06 . Memory (MB): peak = 1770.500 ; gain = 553.105

Starting Logic Optimization Task

Phase 1 Initialization

Phase 1.1 Core Generation And Design Setup
Phase 1.1 Core Generation And Design Setup | Checksum: 93fbd5e6

Time (s): cpu = 00:00:00 ; elapsed = 00:00:00.003 . Memory (MB): peak = 2151.414 ; gain = 0.000

Phase 1.2 Setup Constraints And Sort Netlist
Phase 1.2 Setup Constraints And Sort Netlist | Checksum: 93fbd5e6

Time (s): cpu = 00:00:00 ; elapsed = 00:00:00.016 . Memory (MB): peak = 2151.414 ; gain = 0.000
Phase 1 Initialization | Checksum: 93fbd5e6

Time (s): cpu = 00:00:00 ; elapsed = 00:00:00.018 . Memory (MB): peak = 2151.414 ; gain = 0.000

Phase 2 Timer Update And Timing Data Collection

Phase 2.1 Timer Update
Phase 2.1 Timer Update | Checksum: 93fbd5e6

Time (s): cpu = 00:00:01 ; elapsed = 00:00:00.461 . Memory (MB): peak = 2151.414 ; gain = 0.000

Phase 2.2 Timing Data Collection
Phase 2.2 Timing Data Collection | Checksum: 93fbd5e6

Time (s): cpu = 00:00:01 ; elapsed = 00:00:00.495 . Memory (MB): peak = 2151.414 ; gain = 0.000
Phase 2 Timer Update And Timing Data Collection | Checksum: 93fbd5e6

Time (s): cpu = 00:00:01 ; elapsed = 00:00:00.499 . Memory (MB): peak = 2151.414 ; gain = 0.000

Phase 3 Retarget
INFO: [Opt 31-1834] Total Chains To Be Transformed Were: 0 AND Number of Transformed insts Created are: 0
INFO: [Opt 31-138] Pushed 0 inverter(s) to 0 load pin(s).
INFO: [Opt 31-49] Retargeted 0 cell(s).
Phase 3 Retarget | Checksum: 16c67c7f3

Time (s): cpu = 00:00:01 ; elapsed = 00:00:00.857 . Memory (MB): peak = 2151.414 ; gain = 0.000
Retarget | Checksum: 16c67c7f3
INFO: [Opt 31-389] Phase Retarget created 0 cells and removed 16 cells

Phase 4 Constant propagation
INFO: [Opt 31-138] Pushed 232 inverter(s) to 335 load pin(s).
Phase 4 Constant propagation | Checksum: a276fc67

Time (s): cpu = 00:00:23 ; elapsed = 00:00:25 . Memory (MB): peak = 2151.414 ; gain = 0.000
Constant propagation | Checksum: a276fc67
INFO: [Opt 31-389] Phase Constant propagation created 754 cells and removed 36324 cells

Phase 5 Sweep
Phase 5 Sweep | Checksum: 14f0011ee

Time (s): cpu = 00:00:23 ; elapsed = 00:00:26 . Memory (MB): peak = 2151.414 ; gain = 0.000
Sweep | Checksum: 14f0011ee
INFO: [Opt 31-389] Phase Sweep created 0 cells and removed 476 cells

Phase 6 BUFG optimization
Phase 6 BUFG optimization | Checksum: 14f0011ee

Time (s): cpu = 00:00:23 ; elapsed = 00:00:26 . Memory (MB): peak = 2151.414 ; gain = 0.000
BUFG optimization | Checksum: 14f0011ee
INFO: [Opt 31-662] Phase BUFG optimization created 0 cells of which 0 are BUFGs and removed 0 cells.

Phase 7 Shift Register Optimization
INFO: [Opt 31-1064] SRL Remap converted 0 SRLs to 0 registers and converted 0 registers of register chains to 0 SRLs
Phase 7 Shift Register Optimization | Checksum: 14f0011ee

Time (s): cpu = 00:00:23 ; elapsed = 00:00:26 . Memory (MB): peak = 2151.414 ; gain = 0.000
Shift Register Optimization | Checksum: 14f0011ee
INFO: [Opt 31-389] Phase Shift Register Optimization created 0 cells and removed 0 cells

Phase 8 Post Processing Netlist
INFO: [Opt 31-1566] Pulled 1 inverters resulting in an inversion of 1 pins
Phase 8 Post Processing Netlist | Checksum: 1165392cd

Time (s): cpu = 00:00:23 ; elapsed = 00:00:26 . Memory (MB): peak = 2151.414 ; gain = 0.000
Post Processing Netlist | Checksum: 1165392cd
INFO: [Opt 31-389] Phase Post Processing Netlist created 0 cells and removed 1 cells

Phase 9 Finalization

Phase 9.1 Finalizing Design Cores and Updating Shapes
Phase 9.1 Finalizing Design Cores and Updating Shapes | Checksum: 143d8a3ac

Time (s): cpu = 00:00:23 ; elapsed = 00:00:26 . Memory (MB): peak = 2151.414 ; gain = 0.000

Phase 9.2 Verifying Netlist Connectivity

Starting Connectivity Check Task

Time (s): cpu = 00:00:00 ; elapsed = 00:00:00.001 . Memory (MB): peak = 2151.414 ; gain = 0.000
Phase 9.2 Verifying Netlist Connectivity | Checksum: 143d8a3ac

Time (s): cpu = 00:00:23 ; elapsed = 00:00:26 . Memory (MB): peak = 2151.414 ; gain = 0.000
Phase 9 Finalization | Checksum: 143d8a3ac

Time (s): cpu = 00:00:23 ; elapsed = 00:00:26 . Memory (MB): peak = 2151.414 ; gain = 0.000
Opt_design Change Summary
=========================


-------------------------------------------------------------------------------------------------------------------------
|  Phase                        |  #Cells created  |  #Cells Removed  |  #Constrained objects preventing optimizations  |
-------------------------------------------------------------------------------------------------------------------------
|  Retarget                     |               0  |              16  |                                              0  |
|  Constant propagation         |             754  |           36324  |                                              0  |
|  Sweep                        |               0  |             476  |                                              0  |
|  BUFG optimization            |               0  |               0  |                                              0  |
|  Shift Register Optimization  |               0  |               0  |                                              0  |
|  Post Processing Netlist      |               0  |               1  |                                              0  |
-------------------------------------------------------------------------------------------------------------------------


Ending Logic Optimization Task | Checksum: 143d8a3ac

Time (s): cpu = 00:00:23 ; elapsed = 00:00:26 . Memory (MB): peak = 2151.414 ; gain = 0.000

Starting Power Optimization Task
INFO: [Pwropt 34-132] Skipping clock gating for clocks with a period < 2.00 ns.
Ending Power Optimization Task | Checksum: 143d8a3ac

Time (s): cpu = 00:00:00 ; elapsed = 00:00:00.009 . Memory (MB): peak = 2151.414 ; gain = 0.000

Starting Final Cleanup Task
Ending Final Cleanup Task | Checksum: 143d8a3ac

Time (s): cpu = 00:00:00 ; elapsed = 00:00:00 . Memory (MB): peak = 2151.414 ; gain = 0.000

Starting Netlist Obfuscation Task
Netlist sorting complete. Time (s): cpu = 00:00:00 ; elapsed = 00:00:00.001 . Memory (MB): peak = 2151.414 ; gain = 0.000
Ending Netlist Obfuscation Task | Checksum: 143d8a3ac

Time (s): cpu = 00:00:00 ; elapsed = 00:00:00.001 . Memory (MB): peak = 2151.414 ; gain = 0.000
INFO: [Common 17-83] Releasing license: Implementation
27 Infos, 0 Warnings, 0 Critical Warnings and 0 Errors encountered.
opt_design completed successfully
opt_design: Time (s): cpu = 00:00:32 ; elapsed = 00:00:36 . Memory (MB): peak = 2151.414 ; gain = 950.441
INFO: [Vivado 12-24828] Executing command : report_drc -file compressor_timing_top_drc_opted.rpt -pb compressor_timing_top_drc_opted.pb -rpx compressor_timing_top_drc_opted.rpx
Command: report_drc -file compressor_timing_top_drc_opted.rpt -pb compressor_timing_top_drc_opted.pb -rpx compressor_timing_top_drc_opted.rpx
INFO: [IP_Flow 19-234] Refreshing IP repositories
INFO: [IP_Flow 19-1704] No user IP repositories specified
INFO: [IP_Flow 19-2313] Loaded Vivado IP repository 'C:/Xilinx/Vivado/2024.1/data/ip'.
INFO: [DRC 23-27] Running DRC with 2 threads
INFO: [Vivado_Tcl 2-168] The results of DRC are in file C:/Users/kolet/projects/vlsi2/compressor_hw/tb/timing_compare/build/synth/compressor_timing_synth.runs/impl_1/compressor_timing_top_drc_opted.rpt.
report_drc completed successfully
INFO: [Timing 38-480] Writing timing data to binary archive.
Write ShapeDB Complete: Time (s): cpu = 00:00:00 ; elapsed = 00:00:00.002 . Memory (MB): peak = 2151.414 ; gain = 0.000
INFO: [Common 17-1381] The checkpoint 'C:/Users/kolet/projects/vlsi2/compressor_hw/tb/timing_compare/build/synth/compressor_timing_synth.runs/impl_1/compressor_timing_top_opt.dcp' has been generated.
Command: place_design
Attempting to get a license for feature 'Implementation' and/or device 'xc7z020'
INFO: [Common 17-349] Got license for feature 'Implementation' and/or device 'xc7z020'
INFO: [Common 17-83] Releasing license: Implementation
INFO: [DRC 23-27] Running DRC with 2 threads
INFO: [Vivado_Tcl 4-198] DRC finished with 0 Errors
INFO: [Vivado_Tcl 4-199] Please refer to the DRC report (report_drc) for more information.
Running DRC as a precondition to command place_design
INFO: [DRC 23-27] Running DRC with 2 threads
INFO: [Vivado_Tcl 4-198] DRC finished with 0 Errors
INFO: [Vivado_Tcl 4-199] Please refer to the DRC report (report_drc) for more information.
INFO: [Place 30-611] Multithreading enabled for place_design using a maximum of 2 CPUs

Starting Placer Task

Phase 1 Placer Initialization

Phase 1.1 Placer Initialization Netlist Sorting
Netlist sorting complete. Time (s): cpu = 00:00:00 ; elapsed = 00:00:00.001 . Memory (MB): peak = 2151.414 ; gain = 0.000
Phase 1.1 Placer Initialization Netlist Sorting | Checksum: 6c905122

Time (s): cpu = 00:00:00 ; elapsed = 00:00:00.005 . Memory (MB): peak = 2151.414 ; gain = 0.000
Netlist sorting complete. Time (s): cpu = 00:00:00 ; elapsed = 00:00:00.001 . Memory (MB): peak = 2151.414 ; gain = 0.000

Phase 1.2 IO Placement/ Clock Placement/ Build Placer Device
INFO: [Timing 38-35] Done setting XDC timing constraints.
Phase 1.2 IO Placement/ Clock Placement/ Build Placer Device | Checksum: 60617f6b

Time (s): cpu = 00:00:01 ; elapsed = 00:00:00.269 . Memory (MB): peak = 2151.414 ; gain = 0.000

Phase 1.3 Build Placer Netlist Model
Phase 1.3 Build Placer Netlist Model | Checksum: 13f3bae44

Time (s): cpu = 00:00:01 ; elapsed = 00:00:00.375 . Memory (MB): peak = 2151.414 ; gain = 0.000

Phase 1.4 Constrain Clocks/Macros
Phase 1.4 Constrain Clocks/Macros | Checksum: 13f3bae44

Time (s): cpu = 00:00:01 ; elapsed = 00:00:00.377 . Memory (MB): peak = 2151.414 ; gain = 0.000
Phase 1 Placer Initialization | Checksum: 13f3bae44

Time (s): cpu = 00:00:01 ; elapsed = 00:00:00.383 . Memory (MB): peak = 2151.414 ; gain = 0.000

Phase 2 Global Placement

Phase 2.1 Floorplanning
Phase 2.1 Floorplanning | Checksum: 14eef3b06

Time (s): cpu = 00:00:01 ; elapsed = 00:00:00.439 . Memory (MB): peak = 2151.414 ; gain = 0.000

Phase 2.2 Update Timing before SLR Path Opt
Phase 2.2 Update Timing before SLR Path Opt | Checksum: 106aabb9a

Time (s): cpu = 00:00:01 ; elapsed = 00:00:00.477 . Memory (MB): peak = 2151.414 ; gain = 0.000

Phase 2.3 Post-Processing in Floorplanning
Phase 2.3 Post-Processing in Floorplanning | Checksum: 106aabb9a

Time (s): cpu = 00:00:01 ; elapsed = 00:00:00.478 . Memory (MB): peak = 2151.414 ; gain = 0.000

Phase 2.4 Global Placement Core

Phase 2.4.1 UpdateTiming Before Physical Synthesis
Phase 2.4.1 UpdateTiming Before Physical Synthesis | Checksum: f795bcae

Time (s): cpu = 00:00:01 ; elapsed = 00:00:01 . Memory (MB): peak = 2151.414 ; gain = 0.000

Phase 2.4.2 Physical Synthesis In Placer
INFO: [Physopt 32-1035] Found 0 LUTNM shape to break, 2 LUT instances to create LUTNM shape
INFO: [Physopt 32-1044] Break lutnm for timing: one critical 0, two critical 0, total 0, new lutff created 0
INFO: [Physopt 32-1138] End 1 Pass. Optimized 1 net or LUT. Breaked 0 LUT, combined 1 existing LUT and moved 0 existing LUT
INFO: [Physopt 32-65] No nets found for high-fanout optimization.
INFO: [Physopt 32-232] Optimized 0 net. Created 0 new instance.
INFO: [Physopt 32-775] End 1 Pass. Optimized 0 net or cell. Created 0 new cell, deleted 0 existing cell and moved 0 existing cell
INFO: [Physopt 32-670] No setup violation found.  DSP Register Optimization was not performed.
INFO: [Physopt 32-670] No setup violation found.  Shift Register to Pipeline Optimization was not performed.
INFO: [Physopt 32-670] No setup violation found.  Shift Register Optimization was not performed.
INFO: [Physopt 32-670] No setup violation found.  BRAM Register Optimization was not performed.
INFO: [Physopt 32-670] No setup violation found.  URAM Register Optimization was not performed.
INFO: [Physopt 32-949] No candidate nets found for dynamic/static region interface net replication
INFO: [Physopt 32-775] End 1 Pass. Optimized 0 net or cell. Created 0 new cell, deleted 0 existing cell and moved 0 existing cell
Netlist sorting complete. Time (s): cpu = 00:00:00 ; elapsed = 00:00:00.001 . Memory (MB): peak = 2151.414 ; gain = 0.000

Summary of Physical Synthesis Optimizations
============================================


-----------------------------------------------------------------------------------------------------------------------------------------------------------
|  Optimization                                     |  Added Cells  |  Removed Cells  |  Optimized Cells/Nets  |  Dont Touch  |  Iterations  |  Elapsed   |
-----------------------------------------------------------------------------------------------------------------------------------------------------------
|  LUT Combining                                    |            0  |              1  |                     1  |           0  |           1  |  00:00:00  |
|  Retime                                           |            0  |              0  |                     0  |           0  |           1  |  00:00:00  |
|  Very High Fanout                                 |            0  |              0  |                     0  |           0  |           1  |  00:00:00  |
|  DSP Register                                     |            0  |              0  |                     0  |           0  |           0  |  00:00:00  |
|  Shift Register to Pipeline                       |            0  |              0  |                     0  |           0  |           0  |  00:00:00  |
|  Shift Register                                   |            0  |              0  |                     0  |           0  |           0  |  00:00:00  |
|  BRAM Register                                    |            0  |              0  |                     0  |           0  |           0  |  00:00:00  |
|  URAM Register                                    |            0  |              0  |                     0  |           0  |           0  |  00:00:00  |
|  Dynamic/Static Region Interface Net Replication  |            0  |              0  |                     0  |           0  |           1  |  00:00:00  |
|  Total                                            |            0  |              1  |                     1  |           0  |           4  |  00:00:00  |
-----------------------------------------------------------------------------------------------------------------------------------------------------------


Phase 2.4.2 Physical Synthesis In Placer | Checksum: e0d449d4

Time (s): cpu = 00:00:01 ; elapsed = 00:00:01 . Memory (MB): peak = 2151.414 ; gain = 0.000
Phase 2.4 Global Placement Core | Checksum: 118fe865e

Time (s): cpu = 00:00:02 ; elapsed = 00:00:01 . Memory (MB): peak = 2151.414 ; gain = 0.000
Phase 2 Global Placement | Checksum: 118fe865e

Time (s): cpu = 00:00:02 ; elapsed = 00:00:01 . Memory (MB): peak = 2151.414 ; gain = 0.000

Phase 3 Detail Placement

Phase 3.1 Commit Multi Column Macros
Phase 3.1 Commit Multi Column Macros | Checksum: ba199c19

Time (s): cpu = 00:00:02 ; elapsed = 00:00:01 . Memory (MB): peak = 2151.414 ; gain = 0.000

Phase 3.2 Commit Most Macros & LUTRAMs
Phase 3.2 Commit Most Macros & LUTRAMs | Checksum: b1423b89

Time (s): cpu = 00:00:02 ; elapsed = 00:00:01 . Memory (MB): peak = 2151.414 ; gain = 0.000

Phase 3.3 Area Swap Optimization
Phase 3.3 Area Swap Optimization | Checksum: 13ebeb275

Time (s): cpu = 00:00:02 ; elapsed = 00:00:01 . Memory (MB): peak = 2151.414 ; gain = 0.000

Phase 3.4 Pipeline Register Optimization
Phase 3.4 Pipeline Register Optimization | Checksum: ba7e156f

Time (s): cpu = 00:00:02 ; elapsed = 00:00:01 . Memory (MB): peak = 2151.414 ; gain = 0.000

Phase 3.5 Small Shape Detail Placement
Phase 3.5 Small Shape Detail Placement | Checksum: b604ef63

Time (s): cpu = 00:00:02 ; elapsed = 00:00:01 . Memory (MB): peak = 2151.414 ; gain = 0.000

Phase 3.6 Re-assign LUT pins
Phase 3.6 Re-assign LUT pins | Checksum: c8ac695f

Time (s): cpu = 00:00:02 ; elapsed = 00:00:01 . Memory (MB): peak = 2151.414 ; gain = 0.000

Phase 3.7 Pipeline Register Optimization
Phase 3.7 Pipeline Register Optimization | Checksum: 15ced4c61

Time (s): cpu = 00:00:02 ; elapsed = 00:00:01 . Memory (MB): peak = 2151.414 ; gain = 0.000
Phase 3 Detail Placement | Checksum: 15ced4c61

Time (s): cpu = 00:00:02 ; elapsed = 00:00:01 . Memory (MB): peak = 2151.414 ; gain = 0.000

Phase 4 Post Placement Optimization and Clean-Up

Phase 4.1 Post Commit Optimization
INFO: [Timing 38-35] Done setting XDC timing constraints.

Phase 4.1.1 Post Placement Optimization
Post Placement Optimization Initialization | Checksum: 10bef91a2

Phase 4.1.1.1 BUFG Insertion

Starting Physical Synthesis Task

Phase 1 Physical Synthesis Initialization
INFO: [Physopt 32-721] Multithreading enabled for phys_opt_design using a maximum of 2 CPUs
INFO: [Physopt 32-619] Estimated Timing Summary | WNS=5.682 | TNS=0.000 |
Phase 1 Physical Synthesis Initialization | Checksum: 19e3377e0

Time (s): cpu = 00:00:00 ; elapsed = 00:00:00.016 . Memory (MB): peak = 2151.414 ; gain = 0.000
INFO: [Place 46-56] BUFG insertion identified 0 candidate nets. Inserted BUFG: 0, Replicated BUFG Driver: 0, Skipped due to Placement/Routing Conflicts: 0, Skipped due to Timing Degradation: 0, Skipped due to netlist editing failed: 0.
Ending Physical Synthesis Task | Checksum: 178a1e5b3

Time (s): cpu = 00:00:00 ; elapsed = 00:00:00.020 . Memory (MB): peak = 2151.414 ; gain = 0.000
Phase 4.1.1.1 BUFG Insertion | Checksum: 10bef91a2

Time (s): cpu = 00:00:02 ; elapsed = 00:00:02 . Memory (MB): peak = 2151.414 ; gain = 0.000

Phase 4.1.1.2 Post Placement Timing Optimization
INFO: [Place 30-746] Post Placement Timing Summary WNS=5.682. For the most accurate timing information please run report_timing.
Phase 4.1.1.2 Post Placement Timing Optimization | Checksum: 14be63b30

Time (s): cpu = 00:00:02 ; elapsed = 00:00:02 . Memory (MB): peak = 2151.414 ; gain = 0.000

Time (s): cpu = 00:00:02 ; elapsed = 00:00:02 . Memory (MB): peak = 2151.414 ; gain = 0.000
Phase 4.1 Post Commit Optimization | Checksum: 14be63b30

Time (s): cpu = 00:00:02 ; elapsed = 00:00:02 . Memory (MB): peak = 2151.414 ; gain = 0.000

Phase 4.2 Post Placement Cleanup
Phase 4.2 Post Placement Cleanup | Checksum: 14be63b30

Time (s): cpu = 00:00:02 ; elapsed = 00:00:02 . Memory (MB): peak = 2151.414 ; gain = 0.000

Phase 4.3 Placer Reporting

Phase 4.3.1 Print Estimated Congestion
INFO: [Place 30-612] Post-Placement Estimated Congestion 
 ____________________________________________________
|           | Global Congestion | Short Congestion  |
| Direction | Region Size       | Region Size       |
|___________|___________________|___________________|
|      North|                1x1|                1x1|
|___________|___________________|___________________|
|      South|                1x1|                1x1|
|___________|___________________|___________________|
|       East|                1x1|                1x1|
|___________|___________________|___________________|
|       West|                1x1|                1x1|
|___________|___________________|___________________|

Phase 4.3.1 Print Estimated Congestion | Checksum: 14be63b30

Time (s): cpu = 00:00:02 ; elapsed = 00:00:02 . Memory (MB): peak = 2151.414 ; gain = 0.000
Phase 4.3 Placer Reporting | Checksum: 14be63b30

Time (s): cpu = 00:00:02 ; elapsed = 00:00:02 . Memory (MB): peak = 2151.414 ; gain = 0.000

Phase 4.4 Final Placement Cleanup
Netlist sorting complete. Time (s): cpu = 00:00:00 ; elapsed = 00:00:00 . Memory (MB): peak = 2151.414 ; gain = 0.000

Time (s): cpu = 00:00:02 ; elapsed = 00:00:02 . Memory (MB): peak = 2151.414 ; gain = 0.000
Phase 4 Post Placement Optimization and Clean-Up | Checksum: 14627f285

Time (s): cpu = 00:00:02 ; elapsed = 00:00:02 . Memory (MB): peak = 2151.414 ; gain = 0.000
Ending Placer Task | Checksum: 9b9b4a7e

Time (s): cpu = 00:00:02 ; elapsed = 00:00:02 . Memory (MB): peak = 2151.414 ; gain = 0.000
64 Infos, 0 Warnings, 0 Critical Warnings and 0 Errors encountered.
place_design completed successfully
INFO: [Vivado 12-24838] Running report commands "report_control_sets, report_io, report_utilization" in parallel.
Running report generation with 2 threads.
INFO: [Vivado 12-24828] Executing command : report_utilization -file compressor_timing_top_utilization_placed.rpt -pb compressor_timing_top_utilization_placed.pb
INFO: [Vivado 12-24828] Executing command : report_control_sets -verbose -file compressor_timing_top_control_sets_placed.rpt
report_control_sets: Time (s): cpu = 00:00:00 ; elapsed = 00:00:00.003 . Memory (MB): peak = 2151.414 ; gain = 0.000
INFO: [Vivado 12-24828] Executing command : report_io -file compressor_timing_top_io_placed.rpt
report_io: Time (s): cpu = 00:00:00 ; elapsed = 00:00:00.069 . Memory (MB): peak = 2151.414 ; gain = 0.000
Write ShapeDB Complete: Time (s): cpu = 00:00:00 ; elapsed = 00:00:00.003 . Memory (MB): peak = 2151.414 ; gain = 0.000
INFO: [Timing 38-480] Writing timing data to binary archive.
Wrote PlaceDB: Time (s): cpu = 00:00:00 ; elapsed = 00:00:00.018 . Memory (MB): peak = 2151.414 ; gain = 0.000
Wrote PulsedLatchDB: Time (s): cpu = 00:00:00 ; elapsed = 00:00:00 . Memory (MB): peak = 2151.414 ; gain = 0.000
Writing XDEF routing.
Writing XDEF routing logical nets.
Writing XDEF routing special nets.
Wrote RouteStorage: Time (s): cpu = 00:00:00 ; elapsed = 00:00:00.057 . Memory (MB): peak = 2151.414 ; gain = 0.000
Wrote Netlist Cache: Time (s): cpu = 00:00:00 ; elapsed = 00:00:00 . Memory (MB): peak = 2151.414 ; gain = 0.000
Wrote Device Cache: Time (s): cpu = 00:00:00 ; elapsed = 00:00:00.010 . Memory (MB): peak = 2151.414 ; gain = 0.000
Write Physdb Complete: Time (s): cpu = 00:00:00 ; elapsed = 00:00:00.094 . Memory (MB): peak = 2151.414 ; gain = 0.000
INFO: [Common 17-1381] The checkpoint 'C:/Users/kolet/projects/vlsi2/compressor_hw/tb/timing_compare/build/synth/compressor_timing_synth.runs/impl_1/compressor_timing_top_placed.dcp' has been generated.
Command: phys_opt_design
Attempting to get a license for feature 'Implementation' and/or device 'xc7z020'
INFO: [Common 17-349] Got license for feature 'Implementation' and/or device 'xc7z020'

Starting Initial Update Timing Task

Time (s): cpu = 00:00:00 ; elapsed = 00:00:00.031 . Memory (MB): peak = 2155.730 ; gain = 4.316
INFO: [Vivado_Tcl 4-2279] Estimated Timing Summary | WNS= 5.682 | TNS= 0.000 | 
INFO: [Vivado_Tcl 4-383] Design worst setup slack (WNS) is greater than or equal to 0.000 ns. All physical synthesis setup optimizations will be skipped.
INFO: [Vivado_Tcl 4-232] No setup violation found. The netlist was not modified.
INFO: [Common 17-83] Releasing license: Implementation
75 Infos, 0 Warnings, 0 Critical Warnings and 0 Errors encountered.
phys_opt_design completed successfully
INFO: [Timing 38-480] Writing timing data to binary archive.
Write ShapeDB Complete: Time (s): cpu = 00:00:00 ; elapsed = 00:00:00.002 . Memory (MB): peak = 2173.523 ; gain = 0.000
Wrote PlaceDB: Time (s): cpu = 00:00:00 ; elapsed = 00:00:00.014 . Memory (MB): peak = 2173.523 ; gain = 0.000
Wrote PulsedLatchDB: Time (s): cpu = 00:00:00 ; elapsed = 00:00:00 . Memory (MB): peak = 2173.523 ; gain = 0.000
Writing XDEF routing.
Writing XDEF routing logical nets.
Writing XDEF routing special nets.
Wrote RouteStorage: Time (s): cpu = 00:00:00 ; elapsed = 00:00:00.026 . Memory (MB): peak = 2174.730 ; gain = 1.207
Wrote Netlist Cache: Time (s): cpu = 00:00:00 ; elapsed = 00:00:00.001 . Memory (MB): peak = 2174.730 ; gain = 0.000
Wrote Device Cache: Time (s): cpu = 00:00:00 ; elapsed = 00:00:00.007 . Memory (MB): peak = 2174.730 ; gain = 0.000
Write Physdb Complete: Time (s): cpu = 00:00:00 ; elapsed = 00:00:00.054 . Memory (MB): peak = 2176.457 ; gain = 2.934
INFO: [Common 17-1381] The checkpoint 'C:/Users/kolet/projects/vlsi2/compressor_hw/tb/timing_compare/build/synth/compressor_timing_synth.runs/impl_1/compressor_timing_top_physopt.dcp' has been generated.
Command: route_design
Attempting to get a license for feature 'Implementation' and/or device 'xc7z020'
INFO: [Common 17-349] Got license for feature 'Implementation' and/or device 'xc7z020'
Running DRC as a precondition to command route_design
INFO: [DRC 23-27] Running DRC with 2 threads
INFO: [Vivado_Tcl 4-198] DRC finished with 0 Errors
INFO: [Vivado_Tcl 4-199] Please refer to the DRC report (report_drc) for more information.


Starting Routing Task
INFO: [Route 35-254] Multithreading enabled for route_design using a maximum of 8 CPUs

Phase 1 Build RT Design
Checksum: PlaceDB: 2f0af95c ConstDB: 0 ShapeSum: 5696de32 RouteDB: 15f972f0
Post Restoration Checksum: NetGraph: f903897e | NumContArr: 558a2f7 | Constraints: c2a8fa9d | Timing: c2a8fa9d
Phase 1 Build RT Design | Checksum: 283ae21af

Time (s): cpu = 00:00:17 ; elapsed = 00:00:17 . Memory (MB): peak = 2284.246 ; gain = 99.242

Phase 2 Router Initialization

Phase 2.1 Fix Topology Constraints
Phase 2.1 Fix Topology Constraints | Checksum: 283ae21af

Time (s): cpu = 00:00:17 ; elapsed = 00:00:17 . Memory (MB): peak = 2284.246 ; gain = 99.242

Phase 2.2 Pre Route Cleanup
Phase 2.2 Pre Route Cleanup | Checksum: 283ae21af

Time (s): cpu = 00:00:17 ; elapsed = 00:00:17 . Memory (MB): peak = 2284.246 ; gain = 99.242
 Number of Nodes with overlaps = 0

Phase 2.3 Update Timing
Phase 2.3 Update Timing | Checksum: 246de4c01

Time (s): cpu = 00:00:17 ; elapsed = 00:00:17 . Memory (MB): peak = 2356.730 ; gain = 171.727
INFO: [Route 35-416] Intermediate Timing Summary | WNS=5.584  | TNS=0.000  | WHS=-0.141 | THS=-3.846 |


Router Utilization Summary
  Global Vertical Routing Utilization    = 0 %
  Global Horizontal Routing Utilization  = 0 %
  Routable Net Status*
  *Does not include unroutable nets such as driverless and loadless.
  Run report_route_status for detailed report.
  Number of Failed Nets               = 289
    (Failed Nets is the sum of unrouted and partially routed nets)
  Number of Unrouted Nets             = 289
  Number of Partially Routed Nets     = 0
  Number of Node Overlaps             = 0

Phase 2 Router Initialization | Checksum: 1c8e541f0

Time (s): cpu = 00:00:18 ; elapsed = 00:00:17 . Memory (MB): peak = 2359.961 ; gain = 174.957

Phase 3 Global Routing
Phase 3 Global Routing | Checksum: 1c8e541f0

Time (s): cpu = 00:00:18 ; elapsed = 00:00:17 . Memory (MB): peak = 2359.961 ; gain = 174.957

Phase 4 Initial Routing

Phase 4.1 Initial Net Routing Pass
Phase 4.1 Initial Net Routing Pass | Checksum: 27c71e00e

Time (s): cpu = 00:00:18 ; elapsed = 00:00:17 . Memory (MB): peak = 2359.961 ; gain = 174.957
Phase 4 Initial Routing | Checksum: 27c71e00e

Time (s): cpu = 00:00:18 ; elapsed = 00:00:17 . Memory (MB): peak = 2359.961 ; gain = 174.957

Phase 5 Rip-up And Reroute

Phase 5.1 Global Iteration 0
 Number of Nodes with overlaps = 11
 Number of Nodes with overlaps = 0
INFO: [Route 35-416] Intermediate Timing Summary | WNS=5.484  | TNS=0.000  | WHS=N/A    | THS=N/A    |

Phase 5.1 Global Iteration 0 | Checksum: 234327882

Time (s): cpu = 00:00:18 ; elapsed = 00:00:17 . Memory (MB): peak = 2359.961 ; gain = 174.957
Phase 5 Rip-up And Reroute | Checksum: 234327882

Time (s): cpu = 00:00:18 ; elapsed = 00:00:17 . Memory (MB): peak = 2359.961 ; gain = 174.957

Phase 6 Delay and Skew Optimization

Phase 6.1 Delay CleanUp
Phase 6.1 Delay CleanUp | Checksum: 234327882

Time (s): cpu = 00:00:18 ; elapsed = 00:00:17 . Memory (MB): peak = 2359.961 ; gain = 174.957

Phase 6.2 Clock Skew Optimization
Phase 6.2 Clock Skew Optimization | Checksum: 234327882

Time (s): cpu = 00:00:18 ; elapsed = 00:00:17 . Memory (MB): peak = 2359.961 ; gain = 174.957
Phase 6 Delay and Skew Optimization | Checksum: 234327882

Time (s): cpu = 00:00:18 ; elapsed = 00:00:17 . Memory (MB): peak = 2359.961 ; gain = 174.957

Phase 7 Post Hold Fix

Phase 7.1 Hold Fix Iter
INFO: [Route 35-416] Intermediate Timing Summary | WNS=5.599  | TNS=0.000  | WHS=0.106  | THS=0.000  |

Phase 7.1 Hold Fix Iter | Checksum: 28d65351b

Time (s): cpu = 00:00:18 ; elapsed = 00:00:17 . Memory (MB): peak = 2359.961 ; gain = 174.957
Phase 7 Post Hold Fix | Checksum: 28d65351b

Time (s): cpu = 00:00:18 ; elapsed = 00:00:17 . Memory (MB): peak = 2359.961 ; gain = 174.957

Phase 8 Route finalize

Router Utilization Summary
  Global Vertical Routing Utilization    = 0.0191053 %
  Global Horizontal Routing Utilization  = 0.033384 %
  Routable Net Status*
  *Does not include unroutable nets such as driverless and loadless.
  Run report_route_status for detailed report.
  Number of Failed Nets               = 0
    (Failed Nets is the sum of unrouted and partially routed nets)
  Number of Unrouted Nets             = 0
  Number of Partially Routed Nets     = 0
  Number of Node Overlaps             = 0

Phase 8 Route finalize | Checksum: 28d65351b

Time (s): cpu = 00:00:18 ; elapsed = 00:00:17 . Memory (MB): peak = 2359.961 ; gain = 174.957

Phase 9 Verifying routed nets

 Verification completed successfully
Phase 9 Verifying routed nets | Checksum: 28d65351b

Time (s): cpu = 00:00:18 ; elapsed = 00:00:17 . Memory (MB): peak = 2359.961 ; gain = 174.957

Phase 10 Depositing Routes
Phase 10 Depositing Routes | Checksum: 2e08bbf81

Time (s): cpu = 00:00:18 ; elapsed = 00:00:17 . Memory (MB): peak = 2359.961 ; gain = 174.957

Phase 11 Post Process Routing
Phase 11 Post Process Routing | Checksum: 2e08bbf81

Time (s): cpu = 00:00:18 ; elapsed = 00:00:17 . Memory (MB): peak = 2359.961 ; gain = 174.957

Phase 12 Post Router Timing
INFO: [Route 35-57] Estimated Timing Summary | WNS=5.599  | TNS=0.000  | WHS=0.106  | THS=0.000  |

INFO: [Route 35-327] The final timing numbers are based on the router estimated timing analysis. For a complete and accurate timing signoff, please run report_timing_summary.
Phase 12 Post Router Timing | Checksum: 2e08bbf81

Time (s): cpu = 00:00:18 ; elapsed = 00:00:17 . Memory (MB): peak = 2359.961 ; gain = 174.957
Total Elapsed time in route_design: 17.346 secs

Phase 13 Post-Route Event Processing
Phase 13 Post-Route Event Processing | Checksum: 16df464f7

Time (s): cpu = 00:00:18 ; elapsed = 00:00:17 . Memory (MB): peak = 2359.961 ; gain = 174.957
INFO: [Route 35-16] Router Completed Successfully
Ending Routing Task | Checksum: 16df464f7

Time (s): cpu = 00:00:18 ; elapsed = 00:00:17 . Memory (MB): peak = 2359.961 ; gain = 174.957

Routing Is Done.
INFO: [Common 17-83] Releasing license: Implementation
89 Infos, 0 Warnings, 0 Critical Warnings and 0 Errors encountered.
route_design completed successfully
route_design: Time (s): cpu = 00:00:19 ; elapsed = 00:00:18 . Memory (MB): peak = 2359.961 ; gain = 183.504
INFO: [Vivado 12-24828] Executing command : report_drc -file compressor_timing_top_drc_routed.rpt -pb compressor_timing_top_drc_routed.pb -rpx compressor_timing_top_drc_routed.rpx
Command: report_drc -file compressor_timing_top_drc_routed.rpt -pb compressor_timing_top_drc_routed.pb -rpx compressor_timing_top_drc_routed.rpx
INFO: [IP_Flow 19-1839] IP Catalog is up to date.
INFO: [DRC 23-27] Running DRC with 2 threads
INFO: [Vivado_Tcl 2-168] The results of DRC are in file C:/Users/kolet/projects/vlsi2/compressor_hw/tb/timing_compare/build/synth/compressor_timing_synth.runs/impl_1/compressor_timing_top_drc_routed.rpt.
report_drc completed successfully
INFO: [Vivado 12-24828] Executing command : report_methodology -file compressor_timing_top_methodology_drc_routed.rpt -pb compressor_timing_top_methodology_drc_routed.pb -rpx compressor_timing_top_methodology_drc_routed.rpx
Command: report_methodology -file compressor_timing_top_methodology_drc_routed.rpt -pb compressor_timing_top_methodology_drc_routed.pb -rpx compressor_timing_top_methodology_drc_routed.rpx
INFO: [Timing 38-35] Done setting XDC timing constraints.
INFO: [DRC 23-133] Running Methodology with 2 threads
INFO: [Vivado_Tcl 2-1520] The results of Report Methodology are in file C:/Users/kolet/projects/vlsi2/compressor_hw/tb/timing_compare/build/synth/compressor_timing_synth.runs/impl_1/compressor_timing_top_methodology_drc_routed.rpt.
report_methodology completed successfully
INFO: [Vivado 12-24828] Executing command : report_timing_summary -max_paths 10 -report_unconstrained -file compressor_timing_top_timing_summary_routed.rpt -pb compressor_timing_top_timing_summary_routed.pb -rpx compressor_timing_top_timing_summary_routed.rpx -warn_on_violation 
INFO: [Timing 38-35] Done setting XDC timing constraints.
INFO: [Timing 38-91] UpdateTimingParams: Speed grade: -1, Delay Type: min_max.
INFO: [Timing 38-191] Multithreading enabled for timing update using a maximum of 2 CPUs
INFO: [Vivado 12-24838] Running report commands "report_incremental_reuse, report_route_status" in parallel.
Running report generation with 2 threads.
INFO: [Vivado 12-24828] Executing command : report_incremental_reuse -file compressor_timing_top_incremental_reuse_routed.rpt
INFO: [Vivado_Tcl 4-1062] Incremental flow is disabled. No incremental reuse Info to report.
INFO: [Vivado 12-24828] Executing command : report_route_status -file compressor_timing_top_route_status.rpt -pb compressor_timing_top_route_status.pb
INFO: [Vivado 12-24828] Executing command : report_power -file compressor_timing_top_power_routed.rpt -pb compressor_timing_top_power_summary_routed.pb -rpx compressor_timing_top_power_routed.rpx
Command: report_power -file compressor_timing_top_power_routed.rpt -pb compressor_timing_top_power_summary_routed.pb -rpx compressor_timing_top_power_routed.rpx
Running Vector-less Activity Propagation...

Finished Running Vector-less Activity Propagation
106 Infos, 0 Warnings, 0 Critical Warnings and 0 Errors encountered.
report_power completed successfully
INFO: [Vivado 12-24828] Executing command : report_clock_utilization -file compressor_timing_top_clock_utilization_routed.rpt
WARNING: [Device 21-9320] Failed to find the Oracle tile group with name 'HSR_BOUNDARY_TOP'. This is required for Clock regions and Virtual grid.
WARNING: [Device 21-2174] Failed to initialize Virtual grid.
INFO: [Vivado 12-24828] Executing command : report_bus_skew -warn_on_violation -file compressor_timing_top_bus_skew_routed.rpt -pb compressor_timing_top_bus_skew_routed.pb -rpx compressor_timing_top_bus_skew_routed.rpx
INFO: [Timing 38-91] UpdateTimingParams: Speed grade: -1, Delay Type: min_max.
INFO: [Timing 38-191] Multithreading enabled for timing update using a maximum of 2 CPUs
Write ShapeDB Complete: Time (s): cpu = 00:00:00 ; elapsed = 00:00:00.003 . Memory (MB): peak = 2365.797 ; gain = 0.000
INFO: [Timing 38-480] Writing timing data to binary archive.
Wrote PlaceDB: Time (s): cpu = 00:00:00 ; elapsed = 00:00:00.016 . Memory (MB): peak = 2365.797 ; gain = 0.000
Wrote PulsedLatchDB: Time (s): cpu = 00:00:00 ; elapsed = 00:00:00 . Memory (MB): peak = 2365.797 ; gain = 0.000
Writing XDEF routing.
Writing XDEF routing logical nets.
Writing XDEF routing special nets.
Wrote RouteStorage: Time (s): cpu = 00:00:00 ; elapsed = 00:00:00.034 . Memory (MB): peak = 2367.008 ; gain = 1.211
Wrote Netlist Cache: Time (s): cpu = 00:00:00 ; elapsed = 00:00:00.001 . Memory (MB): peak = 2367.008 ; gain = 0.000
Wrote Device Cache: Time (s): cpu = 00:00:00 ; elapsed = 00:00:00.011 . Memory (MB): peak = 2370.020 ; gain = 3.012
Write Physdb Complete: Time (s): cpu = 00:00:00 ; elapsed = 00:00:00.070 . Memory (MB): peak = 2370.020 ; gain = 4.223
INFO: [Common 17-1381] The checkpoint 'C:/Users/kolet/projects/vlsi2/compressor_hw/tb/timing_compare/build/synth/compressor_timing_synth.runs/impl_1/compressor_timing_top_routed.dcp' has been generated.
INFO: [Common 17-206] Exiting Vivado at Wed Jun 24 19:27:00 2026...
