Copyright 1986-2022 Xilinx, Inc. All Rights Reserved. Copyright 2022-2024 Advanced Micro Devices, Inc. All Rights Reserved.
---------------------------------------------------------------------------------------------------------------------------------------------
| Tool Version : Vivado v.2024.1.2 (win64) Build 5164865 Thu Sep  5 14:37:11 MDT 2024
| Date         : Wed Jun 24 19:27:14 2026
| Host         : Avishai-Lenovo running 64-bit major release  (build 9200)
| Command      : report_clocks -file C:/Users/kolet/projects/vlsi2/compressor_hw/tb/timing_compare/impl_vs_sw/reports/clocks.rpt
| Design       : compressor_timing_top
| Device       : 7z020-clg400
| Speed File   : -1  PRODUCTION 1.12 2019-11-22
| Design State : Routed
---------------------------------------------------------------------------------------------------------------------------------------------

Clock Report


Attributes
  P: Propagated
  G: Generated
  A: Auto-derived
  R: Renamed
  V: Virtual
  I: Inverted
  S: Pin phase-shifted with Latency mode

Clock  Period(ns)  Waveform(ns)   Attributes  Sources
clk    10.000      {0.000 5.000}  P           {clk}


====================================================
Generated Clocks
====================================================



====================================================
User Uncertainty
====================================================



====================================================
User Jitter
====================================================


