Copyright 1986-2022 Xilinx, Inc. All Rights Reserved. Copyright 2022-2024 Advanced Micro Devices, Inc. All Rights Reserved.
------------------------------------------------------------------------------------------------------------------------------------------------------------------------------------------------------------------------------------------------------------------
| Tool Version : Vivado v.2024.1.2 (win64) Build 5164865 Thu Sep  5 14:37:11 MDT 2024
| Date         : Sun Jun 28 04:03:52 2026
| Host         : Avishai-Lenovo running 64-bit major release  (build 9200)
| Command      : report_timing_summary -max_paths 10 -report_unconstrained -file decompressor_timing_top_timing_summary_routed.rpt -pb decompressor_timing_top_timing_summary_routed.pb -rpx decompressor_timing_top_timing_summary_routed.rpx -warn_on_violation
| Design       : decompressor_timing_top
| Device       : 7z020-clg400
| Speed File   : -1  PRODUCTION 1.12 2019-11-22
| Design State : Routed
------------------------------------------------------------------------------------------------------------------------------------------------------------------------------------------------------------------------------------------------------------------

Timing Summary Report

------------------------------------------------------------------------------------------------
| Timer Settings
| --------------
------------------------------------------------------------------------------------------------

  Enable Multi Corner Analysis               :  Yes
  Enable Pessimism Removal                   :  Yes
  Pessimism Removal Resolution               :  Nearest Common Node
  Enable Input Delay Default Clock           :  No
  Enable Preset / Clear Arcs                 :  No
  Disable Flight Delays                      :  No
  Ignore I/O Paths                           :  No
  Timing Early Launch at Borrowing Latches   :  No
  Borrow Time for Max Delay Exceptions       :  Yes
  Merge Timing Exceptions                    :  Yes
  Inter-SLR Compensation                     :  Conservative

  Corner  Analyze    Analyze    
  Name    Max Paths  Min Paths  
  ------  ---------  ---------  
  Slow    Yes        Yes        
  Fast    Yes        Yes        


------------------------------------------------------------------------------------------------
| Report Methodology
| ------------------
------------------------------------------------------------------------------------------------

Rule       Severity  Description                    Violations  
---------  --------  -----------------------------  ----------  
TIMING-18  Warning   Missing input or output delay  2           

Note: This report is based on the most recent report_methodology run and may not be up-to-date. Run report_methodology on the current design for the latest report.



check_timing report

Table of Contents
-----------------
1. checking no_clock (0)
2. checking constant_clock (0)
3. checking pulse_width_clock (0)
4. checking unconstrained_internal_endpoints (0)
5. checking no_input_delay (2)
6. checking no_output_delay (1)
7. checking multiple_clock (0)
8. checking generated_clocks (0)
9. checking loops (0)
10. checking partial_input_delay (0)
11. checking partial_output_delay (0)
12. checking latch_loops (0)

1. checking no_clock (0)
------------------------
 There are 0 register/latch pins with no clock.


2. checking constant_clock (0)
------------------------------
 There are 0 register/latch pins with constant_clock.


3. checking pulse_width_clock (0)
---------------------------------
 There are 0 register/latch pins which need pulse_width check


4. checking unconstrained_internal_endpoints (0)
------------------------------------------------
 There are 0 pins that are not constrained for maximum delay.

 There are 0 pins that are not constrained for maximum delay due to constant clock.


5. checking no_input_delay (2)
------------------------------
 There is 1 input port with no input delay specified. (HIGH)

 There is 1 input port with no input delay but user has a false path constraint. (MEDIUM)


6. checking no_output_delay (1)
-------------------------------
 There is 1 port with no output delay specified. (HIGH)

 There are 0 ports with no output delay but user has a false path constraint

 There are 0 ports with no output delay but with a timing clock defined on it or propagating through it


7. checking multiple_clock (0)
------------------------------
 There are 0 register/latch pins with multiple clocks.


8. checking generated_clocks (0)
--------------------------------
 There are 0 generated clocks that are not connected to a clock source.


9. checking loops (0)
---------------------
 There are 0 combinational loops in the design.


10. checking partial_input_delay (0)
------------------------------------
 There are 0 input ports with partial input delay specified.


11. checking partial_output_delay (0)
-------------------------------------
 There are 0 ports with partial output delay specified.


12. checking latch_loops (0)
----------------------------
 There are 0 combinational latch loops in the design through latch input



------------------------------------------------------------------------------------------------
| Design Timing Summary
| ---------------------
------------------------------------------------------------------------------------------------

    WNS(ns)      TNS(ns)  TNS Failing Endpoints  TNS Total Endpoints      WHS(ns)      THS(ns)  THS Failing Endpoints  THS Total Endpoints     WPWS(ns)     TPWS(ns)  TPWS Failing Endpoints  TPWS Total Endpoints  
    -------      -------  ---------------------  -------------------      -------      -------  ---------------------  -------------------     --------     --------  ----------------------  --------------------  
      8.881        0.000                      0                    2        0.221        0.000                      0                    2        4.500        0.000                       0                     4  


All user specified timing constraints are met.


------------------------------------------------------------------------------------------------
| Clock Summary
| -------------
------------------------------------------------------------------------------------------------

Clock  Waveform(ns)       Period(ns)      Frequency(MHz)
-----  ------------       ----------      --------------
clk    {0.000 5.000}      10.000          100.000         


------------------------------------------------------------------------------------------------
| Intra Clock Table
| -----------------
------------------------------------------------------------------------------------------------

Clock             WNS(ns)      TNS(ns)  TNS Failing Endpoints  TNS Total Endpoints      WHS(ns)      THS(ns)  THS Failing Endpoints  THS Total Endpoints     WPWS(ns)     TPWS(ns)  TPWS Failing Endpoints  TPWS Total Endpoints  
-----             -------      -------  ---------------------  -------------------      -------      -------  ---------------------  -------------------     --------     --------  ----------------------  --------------------  
clk                 8.881        0.000                      0                    2        0.221        0.000                      0                    2        4.500        0.000                       0                     4  


------------------------------------------------------------------------------------------------
| Inter Clock Table
| -----------------
------------------------------------------------------------------------------------------------

From Clock    To Clock          WNS(ns)      TNS(ns)  TNS Failing Endpoints  TNS Total Endpoints      WHS(ns)      THS(ns)  THS Failing Endpoints  THS Total Endpoints  
----------    --------          -------      -------  ---------------------  -------------------      -------      -------  ---------------------  -------------------  


------------------------------------------------------------------------------------------------
| Other Path Groups Table
| -----------------------
------------------------------------------------------------------------------------------------

Path Group    From Clock    To Clock          WNS(ns)      TNS(ns)  TNS Failing Endpoints  TNS Total Endpoints      WHS(ns)      THS(ns)  THS Failing Endpoints  THS Total Endpoints  
----------    ----------    --------          -------      -------  ---------------------  -------------------      -------      -------  ---------------------  -------------------  


------------------------------------------------------------------------------------------------
| User Ignored Path Table
| -----------------------
------------------------------------------------------------------------------------------------

Path Group    From Clock    To Clock    
----------    ----------    --------    
(none)                      clk           


------------------------------------------------------------------------------------------------
| Unconstrained Path Table
| ------------------------
------------------------------------------------------------------------------------------------

Path Group    From Clock    To Clock    
----------    ----------    --------    
(none)        clk                         
(none)                      clk           


------------------------------------------------------------------------------------------------
| Timing Details
| --------------
------------------------------------------------------------------------------------------------


---------------------------------------------------------------------------------------------------
From Clock:  clk
  To Clock:  clk

Setup :            0  Failing Endpoints,  Worst Slack        8.881ns,  Total Violation        0.000ns
Hold  :            0  Failing Endpoints,  Worst Slack        0.221ns,  Total Violation        0.000ns
PW    :            0  Failing Endpoints,  Worst Slack        4.500ns,  Total Violation        0.000ns
---------------------------------------------------------------------------------------------------


Max Delay Paths
--------------------------------------------------------------------------------------
Slack (MET) :             8.881ns  (required time - arrival time)
  Source:                 u_decompressor/bit_i/valid_reg/C
                            (rising edge-triggered cell FDCE clocked by clk  {rise@0.000ns fall@5.000ns period=10.000ns})
  Destination:            u_decompressor/undn_i/valid_reg/D
                            (rising edge-triggered cell FDCE clocked by clk  {rise@0.000ns fall@5.000ns period=10.000ns})
  Path Group:             clk
  Path Type:              Setup (Max at Slow Process Corner)
  Requirement:            10.000ns  (clk rise@10.000ns - clk rise@0.000ns)
  Data Path Delay:        1.038ns  (logic 0.518ns (49.891%)  route 0.520ns (50.109%))
  Logic Levels:           0  
  Clock Path Skew:        0.000ns (DCD - SCD + CPR)
    Destination Clock Delay (DCD):    4.638ns = ( 14.638 - 10.000 ) 
    Source Clock Delay      (SCD):    5.160ns
    Clock Pessimism Removal (CPR):    0.522ns
  Clock Uncertainty:      0.035ns  ((TSJ^2 + TIJ^2)^1/2 + DJ) / 2 + PE
    Total System Jitter     (TSJ):    0.071ns
    Total Input Jitter      (TIJ):    0.000ns
    Discrete Jitter          (DJ):    0.000ns
    Phase Error              (PE):    0.000ns

    Location             Delay type                Incr(ns)  Path(ns)    Netlist Resource(s)
  -------------------------------------------------------------------    -------------------
                         (clock clk rise edge)        0.000     0.000 r  
    U7                                                0.000     0.000 r  clk (IN)
                         net (fo=0)                   0.000     0.000    clk
    U7                   IBUF (Prop_ibuf_I_O)         1.058     1.058 r  clk_IBUF_inst/O
                         net (fo=1, routed)           2.171     3.229    clk_IBUF
    BUFGCTRL_X0Y0        BUFG (Prop_bufg_I_O)         0.101     3.330 r  clk_IBUF_BUFG_inst/O
                         net (fo=3, routed)           1.830     5.160    u_decompressor/bit_i/clk
    SLICE_X0Y13          FDCE                                         r  u_decompressor/bit_i/valid_reg/C
  -------------------------------------------------------------------    -------------------
    SLICE_X0Y13          FDCE (Prop_fdce_C_Q)         0.518     5.678 r  u_decompressor/bit_i/valid_reg/Q
                         net (fo=1, routed)           0.520     6.199    u_decompressor/undn_i/E[0]
    SLICE_X0Y13          FDCE                                         r  u_decompressor/undn_i/valid_reg/D
  -------------------------------------------------------------------    -------------------

                         (clock clk rise edge)       10.000    10.000 r  
    U7                                                0.000    10.000 r  clk (IN)
                         net (fo=0)                   0.000    10.000    clk
    U7                   IBUF (Prop_ibuf_I_O)         0.924    10.924 r  clk_IBUF_inst/O
                         net (fo=1, routed)           1.972    12.896    clk_IBUF
    BUFGCTRL_X0Y0        BUFG (Prop_bufg_I_O)         0.091    12.987 r  clk_IBUF_BUFG_inst/O
                         net (fo=3, routed)           1.651    14.638    u_decompressor/undn_i/clk
    SLICE_X0Y13          FDCE                                         r  u_decompressor/undn_i/valid_reg/C
                         clock pessimism              0.522    15.160    
                         clock uncertainty           -0.035    15.125    
    SLICE_X0Y13          FDCE (Setup_fdce_C_D)       -0.045    15.080    u_decompressor/undn_i/valid_reg
  -------------------------------------------------------------------
                         required time                         15.080    
                         arrival time                          -6.199    
  -------------------------------------------------------------------
                         slack                                  8.881    

Slack (MET) :             9.036ns  (required time - arrival time)
  Source:                 u_decompressor/urze_i/valid_reg/C
                            (rising edge-triggered cell FDCE clocked by clk  {rise@0.000ns fall@5.000ns period=10.000ns})
  Destination:            u_decompressor/bit_i/valid_reg/D
                            (rising edge-triggered cell FDCE clocked by clk  {rise@0.000ns fall@5.000ns period=10.000ns})
  Path Group:             clk
  Path Type:              Setup (Max at Slow Process Corner)
  Requirement:            10.000ns  (clk rise@10.000ns - clk rise@0.000ns)
  Data Path Delay:        0.897ns  (logic 0.518ns (57.737%)  route 0.379ns (42.263%))
  Logic Levels:           0  
  Clock Path Skew:        0.000ns (DCD - SCD + CPR)
    Destination Clock Delay (DCD):    4.638ns = ( 14.638 - 10.000 ) 
    Source Clock Delay      (SCD):    5.160ns
    Clock Pessimism Removal (CPR):    0.522ns
  Clock Uncertainty:      0.035ns  ((TSJ^2 + TIJ^2)^1/2 + DJ) / 2 + PE
    Total System Jitter     (TSJ):    0.071ns
    Total Input Jitter      (TIJ):    0.000ns
    Discrete Jitter          (DJ):    0.000ns
    Phase Error              (PE):    0.000ns

    Location             Delay type                Incr(ns)  Path(ns)    Netlist Resource(s)
  -------------------------------------------------------------------    -------------------
                         (clock clk rise edge)        0.000     0.000 r  
    U7                                                0.000     0.000 r  clk (IN)
                         net (fo=0)                   0.000     0.000    clk
    U7                   IBUF (Prop_ibuf_I_O)         1.058     1.058 r  clk_IBUF_inst/O
                         net (fo=1, routed)           2.171     3.229    clk_IBUF
    BUFGCTRL_X0Y0        BUFG (Prop_bufg_I_O)         0.101     3.330 r  clk_IBUF_BUFG_inst/O
                         net (fo=3, routed)           1.830     5.160    u_decompressor/urze_i/clk
    SLICE_X0Y13          FDCE                                         r  u_decompressor/urze_i/valid_reg/C
  -------------------------------------------------------------------    -------------------
    SLICE_X0Y13          FDCE (Prop_fdce_C_Q)         0.518     5.678 r  u_decompressor/urze_i/valid_reg/Q
                         net (fo=1, routed)           0.379     6.058    u_decompressor/bit_i/encoded_packet_reg[1][0]_1
    SLICE_X0Y13          FDCE                                         r  u_decompressor/bit_i/valid_reg/D
  -------------------------------------------------------------------    -------------------

                         (clock clk rise edge)       10.000    10.000 r  
    U7                                                0.000    10.000 r  clk (IN)
                         net (fo=0)                   0.000    10.000    clk
    U7                   IBUF (Prop_ibuf_I_O)         0.924    10.924 r  clk_IBUF_inst/O
                         net (fo=1, routed)           1.972    12.896    clk_IBUF
    BUFGCTRL_X0Y0        BUFG (Prop_bufg_I_O)         0.091    12.987 r  clk_IBUF_BUFG_inst/O
                         net (fo=3, routed)           1.651    14.638    u_decompressor/bit_i/clk
    SLICE_X0Y13          FDCE                                         r  u_decompressor/bit_i/valid_reg/C
                         clock pessimism              0.522    15.160    
                         clock uncertainty           -0.035    15.125    
    SLICE_X0Y13          FDCE (Setup_fdce_C_D)       -0.031    15.094    u_decompressor/bit_i/valid_reg
  -------------------------------------------------------------------
                         required time                         15.094    
                         arrival time                          -6.058    
  -------------------------------------------------------------------
                         slack                                  9.036    





Min Delay Paths
--------------------------------------------------------------------------------------
Slack (MET) :             0.221ns  (arrival time - required time)
  Source:                 u_decompressor/urze_i/valid_reg/C
                            (rising edge-triggered cell FDCE clocked by clk  {rise@0.000ns fall@5.000ns period=10.000ns})
  Destination:            u_decompressor/bit_i/valid_reg/D
                            (rising edge-triggered cell FDCE clocked by clk  {rise@0.000ns fall@5.000ns period=10.000ns})
  Path Group:             clk
  Path Type:              Hold (Min at Fast Process Corner)
  Requirement:            0.000ns  (clk rise@0.000ns - clk rise@0.000ns)
  Data Path Delay:        0.280ns  (logic 0.164ns (58.537%)  route 0.116ns (41.463%))
  Logic Levels:           0  
  Clock Path Skew:        0.000ns (DCD - SCD - CPR)
    Destination Clock Delay (DCD):    2.112ns
    Source Clock Delay      (SCD):    1.594ns
    Clock Pessimism Removal (CPR):    0.518ns

    Location             Delay type                Incr(ns)  Path(ns)    Netlist Resource(s)
  -------------------------------------------------------------------    -------------------
                         (clock clk rise edge)        0.000     0.000 r  
    U7                                                0.000     0.000 r  clk (IN)
                         net (fo=0)                   0.000     0.000    clk
    U7                   IBUF (Prop_ibuf_I_O)         0.286     0.286 r  clk_IBUF_inst/O
                         net (fo=1, routed)           0.663     0.949    clk_IBUF
    BUFGCTRL_X0Y0        BUFG (Prop_bufg_I_O)         0.026     0.975 r  clk_IBUF_BUFG_inst/O
                         net (fo=3, routed)           0.619     1.594    u_decompressor/urze_i/clk
    SLICE_X0Y13          FDCE                                         r  u_decompressor/urze_i/valid_reg/C
  -------------------------------------------------------------------    -------------------
    SLICE_X0Y13          FDCE (Prop_fdce_C_Q)         0.164     1.758 r  u_decompressor/urze_i/valid_reg/Q
                         net (fo=1, routed)           0.116     1.874    u_decompressor/bit_i/encoded_packet_reg[1][0]_1
    SLICE_X0Y13          FDCE                                         r  u_decompressor/bit_i/valid_reg/D
  -------------------------------------------------------------------    -------------------

                         (clock clk rise edge)        0.000     0.000 r  
    U7                                                0.000     0.000 r  clk (IN)
                         net (fo=0)                   0.000     0.000    clk
    U7                   IBUF (Prop_ibuf_I_O)         0.476     0.476 r  clk_IBUF_inst/O
                         net (fo=1, routed)           0.719     1.195    clk_IBUF
    BUFGCTRL_X0Y0        BUFG (Prop_bufg_I_O)         0.029     1.224 r  clk_IBUF_BUFG_inst/O
                         net (fo=3, routed)           0.888     2.112    u_decompressor/bit_i/clk
    SLICE_X0Y13          FDCE                                         r  u_decompressor/bit_i/valid_reg/C
                         clock pessimism             -0.518     1.594    
    SLICE_X0Y13          FDCE (Hold_fdce_C_D)         0.059     1.653    u_decompressor/bit_i/valid_reg
  -------------------------------------------------------------------
                         required time                         -1.653    
                         arrival time                           1.874    
  -------------------------------------------------------------------
                         slack                                  0.221    

Slack (MET) :             0.282ns  (arrival time - required time)
  Source:                 u_decompressor/bit_i/valid_reg/C
                            (rising edge-triggered cell FDCE clocked by clk  {rise@0.000ns fall@5.000ns period=10.000ns})
  Destination:            u_decompressor/undn_i/valid_reg/D
                            (rising edge-triggered cell FDCE clocked by clk  {rise@0.000ns fall@5.000ns period=10.000ns})
  Path Group:             clk
  Path Type:              Hold (Min at Fast Process Corner)
  Requirement:            0.000ns  (clk rise@0.000ns - clk rise@0.000ns)
  Data Path Delay:        0.334ns  (logic 0.164ns (49.062%)  route 0.170ns (50.938%))
  Logic Levels:           0  
  Clock Path Skew:        0.000ns (DCD - SCD - CPR)
    Destination Clock Delay (DCD):    2.112ns
    Source Clock Delay      (SCD):    1.594ns
    Clock Pessimism Removal (CPR):    0.518ns

    Location             Delay type                Incr(ns)  Path(ns)    Netlist Resource(s)
  -------------------------------------------------------------------    -------------------
                         (clock clk rise edge)        0.000     0.000 r  
    U7                                                0.000     0.000 r  clk (IN)
                         net (fo=0)                   0.000     0.000    clk
    U7                   IBUF (Prop_ibuf_I_O)         0.286     0.286 r  clk_IBUF_inst/O
                         net (fo=1, routed)           0.663     0.949    clk_IBUF
    BUFGCTRL_X0Y0        BUFG (Prop_bufg_I_O)         0.026     0.975 r  clk_IBUF_BUFG_inst/O
                         net (fo=3, routed)           0.619     1.594    u_decompressor/bit_i/clk
    SLICE_X0Y13          FDCE                                         r  u_decompressor/bit_i/valid_reg/C
  -------------------------------------------------------------------    -------------------
    SLICE_X0Y13          FDCE (Prop_fdce_C_Q)         0.164     1.758 r  u_decompressor/bit_i/valid_reg/Q
                         net (fo=1, routed)           0.170     1.928    u_decompressor/undn_i/E[0]
    SLICE_X0Y13          FDCE                                         r  u_decompressor/undn_i/valid_reg/D
  -------------------------------------------------------------------    -------------------

                         (clock clk rise edge)        0.000     0.000 r  
    U7                                                0.000     0.000 r  clk (IN)
                         net (fo=0)                   0.000     0.000    clk
    U7                   IBUF (Prop_ibuf_I_O)         0.476     0.476 r  clk_IBUF_inst/O
                         net (fo=1, routed)           0.719     1.195    clk_IBUF
    BUFGCTRL_X0Y0        BUFG (Prop_bufg_I_O)         0.029     1.224 r  clk_IBUF_BUFG_inst/O
                         net (fo=3, routed)           0.888     2.112    u_decompressor/undn_i/clk
    SLICE_X0Y13          FDCE                                         r  u_decompressor/undn_i/valid_reg/C
                         clock pessimism             -0.518     1.594    
    SLICE_X0Y13          FDCE (Hold_fdce_C_D)         0.052     1.646    u_decompressor/undn_i/valid_reg
  -------------------------------------------------------------------
                         required time                         -1.646    
                         arrival time                           1.928    
  -------------------------------------------------------------------
                         slack                                  0.282    





Pulse Width Checks
--------------------------------------------------------------------------------------
Clock Name:         clk
Waveform(ns):       { 0.000 5.000 }
Period(ns):         10.000
Sources:            { clk }

Check Type        Corner  Lib Pin  Reference Pin  Required(ns)  Actual(ns)  Slack(ns)  Location       Pin
Min Period        n/a     BUFG/I   n/a            2.155         10.000      7.845      BUFGCTRL_X0Y0  clk_IBUF_BUFG_inst/I
Min Period        n/a     FDCE/C   n/a            1.000         10.000      9.000      SLICE_X0Y13    u_decompressor/bit_i/valid_reg/C
Min Period        n/a     FDCE/C   n/a            1.000         10.000      9.000      SLICE_X0Y13    u_decompressor/undn_i/valid_reg/C
Min Period        n/a     FDCE/C   n/a            1.000         10.000      9.000      SLICE_X0Y13    u_decompressor/urze_i/valid_reg/C
Low Pulse Width   Slow    FDCE/C   n/a            0.500         5.000       4.500      SLICE_X0Y13    u_decompressor/bit_i/valid_reg/C
Low Pulse Width   Fast    FDCE/C   n/a            0.500         5.000       4.500      SLICE_X0Y13    u_decompressor/bit_i/valid_reg/C
Low Pulse Width   Slow    FDCE/C   n/a            0.500         5.000       4.500      SLICE_X0Y13    u_decompressor/undn_i/valid_reg/C
Low Pulse Width   Fast    FDCE/C   n/a            0.500         5.000       4.500      SLICE_X0Y13    u_decompressor/undn_i/valid_reg/C
Low Pulse Width   Slow    FDCE/C   n/a            0.500         5.000       4.500      SLICE_X0Y13    u_decompressor/urze_i/valid_reg/C
Low Pulse Width   Fast    FDCE/C   n/a            0.500         5.000       4.500      SLICE_X0Y13    u_decompressor/urze_i/valid_reg/C
High Pulse Width  Slow    FDCE/C   n/a            0.500         5.000       4.500      SLICE_X0Y13    u_decompressor/bit_i/valid_reg/C
High Pulse Width  Fast    FDCE/C   n/a            0.500         5.000       4.500      SLICE_X0Y13    u_decompressor/bit_i/valid_reg/C
High Pulse Width  Slow    FDCE/C   n/a            0.500         5.000       4.500      SLICE_X0Y13    u_decompressor/undn_i/valid_reg/C
High Pulse Width  Fast    FDCE/C   n/a            0.500         5.000       4.500      SLICE_X0Y13    u_decompressor/undn_i/valid_reg/C
High Pulse Width  Slow    FDCE/C   n/a            0.500         5.000       4.500      SLICE_X0Y13    u_decompressor/urze_i/valid_reg/C
High Pulse Width  Fast    FDCE/C   n/a            0.500         5.000       4.500      SLICE_X0Y13    u_decompressor/urze_i/valid_reg/C



--------------------------------------------------------------------------------------
Path Group:  (none)
From Clock:  
  To Clock:  clk

Max Delay             3 Endpoints
Min Delay             3 Endpoints
--------------------------------------------------------------------------------------


Max Delay Paths
--------------------------------------------------------------------------------------
Slack:                    inf
  Source:                 nrst
                            (input port)
  Destination:            u_decompressor/bit_i/valid_reg/CLR
                            (recovery check against rising-edge clock clk  {rise@0.000ns fall@5.000ns period=10.000ns})
  Path Group:             (none)
  Path Type:              Recovery (Max at Slow Process Corner)
  Data Path Delay:        3.003ns  (logic 1.142ns (38.041%)  route 1.861ns (61.959%))
  Logic Levels:           2  (IBUF=1 LUT1=1)
  Clock Path Skew:        4.638ns (DCD - SCD + CPR)
    Destination Clock Delay (DCD):    4.638ns
    Source Clock Delay      (SCD):    0.000ns
    Clock Pessimism Removal (CPR):    0.000ns
  Clock Uncertainty:      0.025ns  ((TSJ^2 + TIJ^2)^1/2 + DJ) / 2 + PE
    Total System Jitter     (TSJ):    0.050ns
    Total Input Jitter      (TIJ):    0.000ns
    Discrete Jitter          (DJ):    0.000ns
    Phase Error              (PE):    0.000ns
  Timing Exception:       False Path

    Location             Delay type                Incr(ns)  Path(ns)    Netlist Resource(s)
  -------------------------------------------------------------------    -------------------
    Y11                                               0.000     0.000 r  nrst (IN)
                         net (fo=0)                   0.000     0.000    nrst
    Y11                  IBUF (Prop_ibuf_I_O)         1.018     1.018 r  nrst_IBUF_inst/O
                         net (fo=1, routed)           1.085     2.103    u_decompressor/undn_i/nrst
    SLICE_X0Y13          LUT1 (Prop_lut1_I0_O)        0.124     2.227 f  u_decompressor/undn_i/decoded_packet[63][31]_i_2/O
                         net (fo=3, routed)           0.776     3.003    u_decompressor/bit_i/encoded_packet_reg[0][31]_10
    SLICE_X0Y13          FDCE                                         f  u_decompressor/bit_i/valid_reg/CLR
  -------------------------------------------------------------------    -------------------

                         (clock clk rise edge)        0.000     0.000 r  
    U7                                                0.000     0.000 r  clk (IN)
                         net (fo=0)                   0.000     0.000    clk
    U7                   IBUF (Prop_ibuf_I_O)         0.924     0.924 r  clk_IBUF_inst/O
                         net (fo=1, routed)           1.972     2.896    clk_IBUF
    BUFGCTRL_X0Y0        BUFG (Prop_bufg_I_O)         0.091     2.987 r  clk_IBUF_BUFG_inst/O
                         net (fo=3, routed)           1.651     4.638    u_decompressor/bit_i/clk
    SLICE_X0Y13          FDCE                                         r  u_decompressor/bit_i/valid_reg/C

Slack:                    inf
  Source:                 nrst
                            (input port)
  Destination:            u_decompressor/undn_i/valid_reg/CLR
                            (recovery check against rising-edge clock clk  {rise@0.000ns fall@5.000ns period=10.000ns})
  Path Group:             (none)
  Path Type:              Recovery (Max at Slow Process Corner)
  Data Path Delay:        3.003ns  (logic 1.142ns (38.041%)  route 1.861ns (61.959%))
  Logic Levels:           2  (IBUF=1 LUT1=1)
  Clock Path Skew:        4.638ns (DCD - SCD + CPR)
    Destination Clock Delay (DCD):    4.638ns
    Source Clock Delay      (SCD):    0.000ns
    Clock Pessimism Removal (CPR):    0.000ns
  Clock Uncertainty:      0.025ns  ((TSJ^2 + TIJ^2)^1/2 + DJ) / 2 + PE
    Total System Jitter     (TSJ):    0.050ns
    Total Input Jitter      (TIJ):    0.000ns
    Discrete Jitter          (DJ):    0.000ns
    Phase Error              (PE):    0.000ns
  Timing Exception:       False Path

    Location             Delay type                Incr(ns)  Path(ns)    Netlist Resource(s)
  -------------------------------------------------------------------    -------------------
    Y11                                               0.000     0.000 r  nrst (IN)
                         net (fo=0)                   0.000     0.000    nrst
    Y11                  IBUF (Prop_ibuf_I_O)         1.018     1.018 r  nrst_IBUF_inst/O
                         net (fo=1, routed)           1.085     2.103    u_decompressor/undn_i/nrst
    SLICE_X0Y13          LUT1 (Prop_lut1_I0_O)        0.124     2.227 f  u_decompressor/undn_i/decoded_packet[63][31]_i_2/O
                         net (fo=3, routed)           0.776     3.003    u_decompressor/undn_i/nrst_0
    SLICE_X0Y13          FDCE                                         f  u_decompressor/undn_i/valid_reg/CLR
  -------------------------------------------------------------------    -------------------

                         (clock clk rise edge)        0.000     0.000 r  
    U7                                                0.000     0.000 r  clk (IN)
                         net (fo=0)                   0.000     0.000    clk
    U7                   IBUF (Prop_ibuf_I_O)         0.924     0.924 r  clk_IBUF_inst/O
                         net (fo=1, routed)           1.972     2.896    clk_IBUF
    BUFGCTRL_X0Y0        BUFG (Prop_bufg_I_O)         0.091     2.987 r  clk_IBUF_BUFG_inst/O
                         net (fo=3, routed)           1.651     4.638    u_decompressor/undn_i/clk
    SLICE_X0Y13          FDCE                                         r  u_decompressor/undn_i/valid_reg/C

Slack:                    inf
  Source:                 nrst
                            (input port)
  Destination:            u_decompressor/urze_i/valid_reg/CLR
                            (recovery check against rising-edge clock clk  {rise@0.000ns fall@5.000ns period=10.000ns})
  Path Group:             (none)
  Path Type:              Recovery (Max at Slow Process Corner)
  Data Path Delay:        3.003ns  (logic 1.142ns (38.041%)  route 1.861ns (61.959%))
  Logic Levels:           2  (IBUF=1 LUT1=1)
  Clock Path Skew:        4.638ns (DCD - SCD + CPR)
    Destination Clock Delay (DCD):    4.638ns
    Source Clock Delay      (SCD):    0.000ns
    Clock Pessimism Removal (CPR):    0.000ns
  Clock Uncertainty:      0.025ns  ((TSJ^2 + TIJ^2)^1/2 + DJ) / 2 + PE
    Total System Jitter     (TSJ):    0.050ns
    Total Input Jitter      (TIJ):    0.000ns
    Discrete Jitter          (DJ):    0.000ns
    Phase Error              (PE):    0.000ns
  Timing Exception:       False Path

    Location             Delay type                Incr(ns)  Path(ns)    Netlist Resource(s)
  -------------------------------------------------------------------    -------------------
    Y11                                               0.000     0.000 r  nrst (IN)
                         net (fo=0)                   0.000     0.000    nrst
    Y11                  IBUF (Prop_ibuf_I_O)         1.018     1.018 r  nrst_IBUF_inst/O
                         net (fo=1, routed)           1.085     2.103    u_decompressor/undn_i/nrst
    SLICE_X0Y13          LUT1 (Prop_lut1_I0_O)        0.124     2.227 f  u_decompressor/undn_i/decoded_packet[63][31]_i_2/O
                         net (fo=3, routed)           0.776     3.003    u_decompressor/urze_i/transposed_planes_reg[31][63]_0
    SLICE_X0Y13          FDCE                                         f  u_decompressor/urze_i/valid_reg/CLR
  -------------------------------------------------------------------    -------------------

                         (clock clk rise edge)        0.000     0.000 r  
    U7                                                0.000     0.000 r  clk (IN)
                         net (fo=0)                   0.000     0.000    clk
    U7                   IBUF (Prop_ibuf_I_O)         0.924     0.924 r  clk_IBUF_inst/O
                         net (fo=1, routed)           1.972     2.896    clk_IBUF
    BUFGCTRL_X0Y0        BUFG (Prop_bufg_I_O)         0.091     2.987 r  clk_IBUF_BUFG_inst/O
                         net (fo=3, routed)           1.651     4.638    u_decompressor/urze_i/clk
    SLICE_X0Y13          FDCE                                         r  u_decompressor/urze_i/valid_reg/C





Min Delay Paths
--------------------------------------------------------------------------------------
Slack:                    inf
  Source:                 nrst
                            (input port)
  Destination:            u_decompressor/bit_i/valid_reg/CLR
                            (removal check against rising-edge clock clk  {rise@0.000ns fall@5.000ns period=10.000ns})
  Path Group:             (none)
  Path Type:              Removal (Min at Fast Process Corner)
  Data Path Delay:        1.064ns  (logic 0.292ns (27.404%)  route 0.773ns (72.596%))
  Logic Levels:           2  (IBUF=1 LUT1=1)
  Clock Path Skew:        2.112ns (DCD - SCD - CPR)
    Destination Clock Delay (DCD):    2.112ns
    Source Clock Delay      (SCD):    0.000ns
    Clock Pessimism Removal (CPR):    -0.000ns
  Timing Exception:       False Path

    Location             Delay type                Incr(ns)  Path(ns)    Netlist Resource(s)
  -------------------------------------------------------------------    -------------------
    Y11                                               0.000     0.000 r  nrst (IN)
                         net (fo=0)                   0.000     0.000    nrst
    Y11                  IBUF (Prop_ibuf_I_O)         0.247     0.247 r  nrst_IBUF_inst/O
                         net (fo=1, routed)           0.401     0.648    u_decompressor/undn_i/nrst
    SLICE_X0Y13          LUT1 (Prop_lut1_I0_O)        0.045     0.693 f  u_decompressor/undn_i/decoded_packet[63][31]_i_2/O
                         net (fo=3, routed)           0.372     1.064    u_decompressor/bit_i/encoded_packet_reg[0][31]_10
    SLICE_X0Y13          FDCE                                         f  u_decompressor/bit_i/valid_reg/CLR
  -------------------------------------------------------------------    -------------------

                         (clock clk rise edge)        0.000     0.000 r  
    U7                                                0.000     0.000 r  clk (IN)
                         net (fo=0)                   0.000     0.000    clk
    U7                   IBUF (Prop_ibuf_I_O)         0.476     0.476 r  clk_IBUF_inst/O
                         net (fo=1, routed)           0.719     1.195    clk_IBUF
    BUFGCTRL_X0Y0        BUFG (Prop_bufg_I_O)         0.029     1.224 r  clk_IBUF_BUFG_inst/O
                         net (fo=3, routed)           0.888     2.112    u_decompressor/bit_i/clk
    SLICE_X0Y13          FDCE                                         r  u_decompressor/bit_i/valid_reg/C

Slack:                    inf
  Source:                 nrst
                            (input port)
  Destination:            u_decompressor/undn_i/valid_reg/CLR
                            (removal check against rising-edge clock clk  {rise@0.000ns fall@5.000ns period=10.000ns})
  Path Group:             (none)
  Path Type:              Removal (Min at Fast Process Corner)
  Data Path Delay:        1.064ns  (logic 0.292ns (27.404%)  route 0.773ns (72.596%))
  Logic Levels:           2  (IBUF=1 LUT1=1)
  Clock Path Skew:        2.112ns (DCD - SCD - CPR)
    Destination Clock Delay (DCD):    2.112ns
    Source Clock Delay      (SCD):    0.000ns
    Clock Pessimism Removal (CPR):    -0.000ns
  Timing Exception:       False Path

    Location             Delay type                Incr(ns)  Path(ns)    Netlist Resource(s)
  -------------------------------------------------------------------    -------------------
    Y11                                               0.000     0.000 r  nrst (IN)
                         net (fo=0)                   0.000     0.000    nrst
    Y11                  IBUF (Prop_ibuf_I_O)         0.247     0.247 r  nrst_IBUF_inst/O
                         net (fo=1, routed)           0.401     0.648    u_decompressor/undn_i/nrst
    SLICE_X0Y13          LUT1 (Prop_lut1_I0_O)        0.045     0.693 f  u_decompressor/undn_i/decoded_packet[63][31]_i_2/O
                         net (fo=3, routed)           0.372     1.064    u_decompressor/undn_i/nrst_0
    SLICE_X0Y13          FDCE                                         f  u_decompressor/undn_i/valid_reg/CLR
  -------------------------------------------------------------------    -------------------

                         (clock clk rise edge)        0.000     0.000 r  
    U7                                                0.000     0.000 r  clk (IN)
                         net (fo=0)                   0.000     0.000    clk
    U7                   IBUF (Prop_ibuf_I_O)         0.476     0.476 r  clk_IBUF_inst/O
                         net (fo=1, routed)           0.719     1.195    clk_IBUF
    BUFGCTRL_X0Y0        BUFG (Prop_bufg_I_O)         0.029     1.224 r  clk_IBUF_BUFG_inst/O
                         net (fo=3, routed)           0.888     2.112    u_decompressor/undn_i/clk
    SLICE_X0Y13          FDCE                                         r  u_decompressor/undn_i/valid_reg/C

Slack:                    inf
  Source:                 nrst
                            (input port)
  Destination:            u_decompressor/urze_i/valid_reg/CLR
                            (removal check against rising-edge clock clk  {rise@0.000ns fall@5.000ns period=10.000ns})
  Path Group:             (none)
  Path Type:              Removal (Min at Fast Process Corner)
  Data Path Delay:        1.064ns  (logic 0.292ns (27.404%)  route 0.773ns (72.596%))
  Logic Levels:           2  (IBUF=1 LUT1=1)
  Clock Path Skew:        2.112ns (DCD - SCD - CPR)
    Destination Clock Delay (DCD):    2.112ns
    Source Clock Delay      (SCD):    0.000ns
    Clock Pessimism Removal (CPR):    -0.000ns
  Timing Exception:       False Path

    Location             Delay type                Incr(ns)  Path(ns)    Netlist Resource(s)
  -------------------------------------------------------------------    -------------------
    Y11                                               0.000     0.000 r  nrst (IN)
                         net (fo=0)                   0.000     0.000    nrst
    Y11                  IBUF (Prop_ibuf_I_O)         0.247     0.247 r  nrst_IBUF_inst/O
                         net (fo=1, routed)           0.401     0.648    u_decompressor/undn_i/nrst
    SLICE_X0Y13          LUT1 (Prop_lut1_I0_O)        0.045     0.693 f  u_decompressor/undn_i/decoded_packet[63][31]_i_2/O
                         net (fo=3, routed)           0.372     1.064    u_decompressor/urze_i/transposed_planes_reg[31][63]_0
    SLICE_X0Y13          FDCE                                         f  u_decompressor/urze_i/valid_reg/CLR
  -------------------------------------------------------------------    -------------------

                         (clock clk rise edge)        0.000     0.000 r  
    U7                                                0.000     0.000 r  clk (IN)
                         net (fo=0)                   0.000     0.000    clk
    U7                   IBUF (Prop_ibuf_I_O)         0.476     0.476 r  clk_IBUF_inst/O
                         net (fo=1, routed)           0.719     1.195    clk_IBUF
    BUFGCTRL_X0Y0        BUFG (Prop_bufg_I_O)         0.029     1.224 r  clk_IBUF_BUFG_inst/O
                         net (fo=3, routed)           0.888     2.112    u_decompressor/urze_i/clk
    SLICE_X0Y13          FDCE                                         r  u_decompressor/urze_i/valid_reg/C





--------------------------------------------------------------------------------------
Path Group:  (none)
From Clock:  clk
  To Clock:  

Max Delay             1 Endpoint
Min Delay             1 Endpoint
--------------------------------------------------------------------------------------


Max Delay Paths
--------------------------------------------------------------------------------------
Slack:                    inf
  Source:                 u_decompressor/undn_i/valid_reg/C
                            (rising edge-triggered cell FDCE clocked by clk  {rise@0.000ns fall@5.000ns period=10.000ns})
  Destination:            valid
                            (output port)
  Path Group:             (none)
  Path Type:              Max at Slow Process Corner
  Data Path Delay:        4.870ns  (logic 3.181ns (65.324%)  route 1.689ns (34.676%))
  Logic Levels:           1  (OBUF=1)
  Clock Uncertainty:      0.025ns  ((TSJ^2 + TIJ^2)^1/2 + DJ) / 2 + PE
    Total System Jitter     (TSJ):    0.050ns
    Total Input Jitter      (TIJ):    0.000ns
    Discrete Jitter          (DJ):    0.000ns
    Phase Error              (PE):    0.000ns

    Location             Delay type                Incr(ns)  Path(ns)    Netlist Resource(s)
  -------------------------------------------------------------------    -------------------
                         (clock clk rise edge)        0.000     0.000 r  
    U7                                                0.000     0.000 r  clk (IN)
                         net (fo=0)                   0.000     0.000    clk
    U7                   IBUF (Prop_ibuf_I_O)         1.058     1.058 r  clk_IBUF_inst/O
                         net (fo=1, routed)           2.171     3.229    clk_IBUF
    BUFGCTRL_X0Y0        BUFG (Prop_bufg_I_O)         0.101     3.330 r  clk_IBUF_BUFG_inst/O
                         net (fo=3, routed)           1.830     5.160    u_decompressor/undn_i/clk
    SLICE_X0Y13          FDCE                                         r  u_decompressor/undn_i/valid_reg/C
  -------------------------------------------------------------------    -------------------
    SLICE_X0Y13          FDCE (Prop_fdce_C_Q)         0.518     5.678 r  u_decompressor/undn_i/valid_reg/Q
                         net (fo=1, routed)           1.689     7.367    valid_OBUF
    T5                   OBUF (Prop_obuf_I_O)         2.663    10.030 r  valid_OBUF_inst/O
                         net (fo=0)                   0.000    10.030    valid
    T5                                                                r  valid (OUT)
  -------------------------------------------------------------------    -------------------





Min Delay Paths
--------------------------------------------------------------------------------------
Slack:                    inf
  Source:                 u_decompressor/undn_i/valid_reg/C
                            (rising edge-triggered cell FDCE clocked by clk  {rise@0.000ns fall@5.000ns period=10.000ns})
  Destination:            valid
                            (output port)
  Path Group:             (none)
  Path Type:              Min at Fast Process Corner
  Data Path Delay:        1.686ns  (logic 1.344ns (79.678%)  route 0.343ns (20.322%))
  Logic Levels:           1  (OBUF=1)
  Clock Uncertainty:      0.025ns  ((TSJ^2 + TIJ^2)^1/2 + DJ) / 2 + PE
    Total System Jitter     (TSJ):    0.050ns
    Total Input Jitter      (TIJ):    0.000ns
    Discrete Jitter          (DJ):    0.000ns
    Phase Error              (PE):    0.000ns

    Location             Delay type                Incr(ns)  Path(ns)    Netlist Resource(s)
  -------------------------------------------------------------------    -------------------
                         (clock clk rise edge)        0.000     0.000 r  
    U7                                                0.000     0.000 r  clk (IN)
                         net (fo=0)                   0.000     0.000    clk
    U7                   IBUF (Prop_ibuf_I_O)         0.286     0.286 r  clk_IBUF_inst/O
                         net (fo=1, routed)           0.663     0.949    clk_IBUF
    BUFGCTRL_X0Y0        BUFG (Prop_bufg_I_O)         0.026     0.975 r  clk_IBUF_BUFG_inst/O
                         net (fo=3, routed)           0.619     1.594    u_decompressor/undn_i/clk
    SLICE_X0Y13          FDCE                                         r  u_decompressor/undn_i/valid_reg/C
  -------------------------------------------------------------------    -------------------
    SLICE_X0Y13          FDCE (Prop_fdce_C_Q)         0.164     1.758 r  u_decompressor/undn_i/valid_reg/Q
                         net (fo=1, routed)           0.343     2.101    valid_OBUF
    T5                   OBUF (Prop_obuf_I_O)         1.180     3.281 r  valid_OBUF_inst/O
                         net (fo=0)                   0.000     3.281    valid
    T5                                                                r  valid (OUT)
  -------------------------------------------------------------------    -------------------





--------------------------------------------------------------------------------------
Path Group:  (none)
From Clock:  
  To Clock:  clk

Max Delay             1 Endpoint
Min Delay             1 Endpoint
--------------------------------------------------------------------------------------


Max Delay Paths
--------------------------------------------------------------------------------------
Slack:                    inf
  Source:                 start
                            (input port)
  Destination:            u_decompressor/urze_i/valid_reg/D
                            (rising edge-triggered cell FDCE clocked by clk  {rise@0.000ns fall@5.000ns period=10.000ns})
  Path Group:             (none)
  Path Type:              Setup (Max at Slow Process Corner)
  Data Path Delay:        1.927ns  (logic 1.015ns (52.670%)  route 0.912ns (47.330%))
  Logic Levels:           1  (IBUF=1)
  Clock Path Skew:        4.638ns (DCD - SCD + CPR)
    Destination Clock Delay (DCD):    4.638ns
    Source Clock Delay      (SCD):    0.000ns
    Clock Pessimism Removal (CPR):    0.000ns
  Clock Uncertainty:      0.025ns  ((TSJ^2 + TIJ^2)^1/2 + DJ) / 2 + PE
    Total System Jitter     (TSJ):    0.050ns
    Total Input Jitter      (TIJ):    0.000ns
    Discrete Jitter          (DJ):    0.000ns
    Phase Error              (PE):    0.000ns

    Location             Delay type                Incr(ns)  Path(ns)    Netlist Resource(s)
  -------------------------------------------------------------------    -------------------
    W11                                               0.000     0.000 r  start (IN)
                         net (fo=0)                   0.000     0.000    start
    W11                  IBUF (Prop_ibuf_I_O)         1.015     1.015 r  start_IBUF_inst/O
                         net (fo=1, routed)           0.912     1.927    u_decompressor/urze_i/start
    SLICE_X0Y13          FDCE                                         r  u_decompressor/urze_i/valid_reg/D
  -------------------------------------------------------------------    -------------------

                         (clock clk rise edge)        0.000     0.000 r  
    U7                                                0.000     0.000 r  clk (IN)
                         net (fo=0)                   0.000     0.000    clk
    U7                   IBUF (Prop_ibuf_I_O)         0.924     0.924 r  clk_IBUF_inst/O
                         net (fo=1, routed)           1.972     2.896    clk_IBUF
    BUFGCTRL_X0Y0        BUFG (Prop_bufg_I_O)         0.091     2.987 r  clk_IBUF_BUFG_inst/O
                         net (fo=3, routed)           1.651     4.638    u_decompressor/urze_i/clk
    SLICE_X0Y13          FDCE                                         r  u_decompressor/urze_i/valid_reg/C





Min Delay Paths
--------------------------------------------------------------------------------------
Slack:                    inf
  Source:                 start
                            (input port)
  Destination:            u_decompressor/urze_i/valid_reg/D
                            (rising edge-triggered cell FDCE clocked by clk  {rise@0.000ns fall@5.000ns period=10.000ns})
  Path Group:             (none)
  Path Type:              Hold (Min at Fast Process Corner)
  Data Path Delay:        0.605ns  (logic 0.243ns (40.186%)  route 0.362ns (59.814%))
  Logic Levels:           1  (IBUF=1)
  Clock Path Skew:        2.112ns (DCD - SCD - CPR)
    Destination Clock Delay (DCD):    2.112ns
    Source Clock Delay      (SCD):    0.000ns
    Clock Pessimism Removal (CPR):    -0.000ns

    Location             Delay type                Incr(ns)  Path(ns)    Netlist Resource(s)
  -------------------------------------------------------------------    -------------------
    W11                                               0.000     0.000 r  start (IN)
                         net (fo=0)                   0.000     0.000    start
    W11                  IBUF (Prop_ibuf_I_O)         0.243     0.243 r  start_IBUF_inst/O
                         net (fo=1, routed)           0.362     0.605    u_decompressor/urze_i/start
    SLICE_X0Y13          FDCE                                         r  u_decompressor/urze_i/valid_reg/D
  -------------------------------------------------------------------    -------------------

                         (clock clk rise edge)        0.000     0.000 r  
    U7                                                0.000     0.000 r  clk (IN)
                         net (fo=0)                   0.000     0.000    clk
    U7                   IBUF (Prop_ibuf_I_O)         0.476     0.476 r  clk_IBUF_inst/O
                         net (fo=1, routed)           0.719     1.195    clk_IBUF
    BUFGCTRL_X0Y0        BUFG (Prop_bufg_I_O)         0.029     1.224 r  clk_IBUF_BUFG_inst/O
                         net (fo=3, routed)           0.888     2.112    u_decompressor/urze_i/clk
    SLICE_X0Y13          FDCE                                         r  u_decompressor/urze_i/valid_reg/C





