Copyright 1986-2022 Xilinx, Inc. All Rights Reserved. Copyright 2022-2024 Advanced Micro Devices, Inc. All Rights Reserved.
----------------------------------------------------------------------------------------------------------------------------------------------------
| Tool Version : Vivado v.2024.1.2 (win64) Build 5164865 Thu Sep  5 14:37:11 MDT 2024
| Date         : Sun Jun 28 04:02:19 2026
| Host         : Avishai-Lenovo running 64-bit major release  (build 9200)
| Command      : report_timing_summary -file C:/Users/kolet/projects/vlsi2/decompressor_hw/tb/timing_compare/synth_vs_sw/reports/timing_summary.rpt
| Design       : decompressor_timing_top
| Device       : 7z020-clg400
| Speed File   : -1  PRODUCTION 1.12 2019-11-22
| Design State : Synthesized
----------------------------------------------------------------------------------------------------------------------------------------------------

Timing Summary Report

------------------------------------------------------------------------------------------------
| Timer Settings
| --------------
------------------------------------------------------------------------------------------------

  Enable Multi Corner Analysis               :  Yes
  Enable Pessimism Removal                   :  Yes
  Pessimism Removal Resolution               :  Nearest Common Node
  Enable Input Delay Default Clock           :  No
  Enable Preset / Clear Arcs                 :  No
  Disable Flight Delays                      :  No
  Ignore I/O Paths                           :  No
  Timing Early Launch at Borrowing Latches   :  No
  Borrow Time for Max Delay Exceptions       :  Yes
  Merge Timing Exceptions                    :  Yes
  Inter-SLR Compensation                     :  Conservative

  Corner  Analyze    Analyze    
  Name    Max Paths  Min Paths  
  ------  ---------  ---------  
  Slow    Yes        Yes        
  Fast    Yes        Yes        


------------------------------------------------------------------------------------------------
| Report Methodology
| ------------------
------------------------------------------------------------------------------------------------

No report available as report_methodology has not been run prior. Run report_methodology on the current design for the summary of methodology violations.



check_timing report

Table of Contents
-----------------
1. checking no_clock (0)
2. checking constant_clock (0)
3. checking pulse_width_clock (0)
4. checking unconstrained_internal_endpoints (0)
5. checking no_input_delay (2)
6. checking no_output_delay (1)
7. checking multiple_clock (0)
8. checking generated_clocks (0)
9. checking loops (0)
10. checking partial_input_delay (0)
11. checking partial_output_delay (0)
12. checking latch_loops (0)

1. checking no_clock (0)
------------------------
 There are 0 register/latch pins with no clock.


2. checking constant_clock (0)
------------------------------
 There are 0 register/latch pins with constant_clock.


3. checking pulse_width_clock (0)
---------------------------------
 There are 0 register/latch pins which need pulse_width check


4. checking unconstrained_internal_endpoints (0)
------------------------------------------------
 There are 0 pins that are not constrained for maximum delay.

 There are 0 pins that are not constrained for maximum delay due to constant clock.


5. checking no_input_delay (2)
------------------------------
 There is 1 input port with no input delay specified. (HIGH)

 There is 1 input port with no input delay but user has a false path constraint. (MEDIUM)


6. checking no_output_delay (1)
-------------------------------
 There is 1 port with no output delay specified. (HIGH)

 There are 0 ports with no output delay but user has a false path constraint

 There are 0 ports with no output delay but with a timing clock defined on it or propagating through it


7. checking multiple_clock (0)
------------------------------
 There are 0 register/latch pins with multiple clocks.


8. checking generated_clocks (0)
--------------------------------
 There are 0 generated clocks that are not connected to a clock source.


9. checking loops (0)
---------------------
 There are 0 combinational loops in the design.


10. checking partial_input_delay (0)
------------------------------------
 There are 0 input ports with partial input delay specified.


11. checking partial_output_delay (0)
-------------------------------------
 There are 0 ports with partial output delay specified.


12. checking latch_loops (0)
----------------------------
 There are 0 combinational latch loops in the design through latch input



------------------------------------------------------------------------------------------------
| Design Timing Summary
| ---------------------
------------------------------------------------------------------------------------------------

    WNS(ns)      TNS(ns)  TNS Failing Endpoints  TNS Total Endpoints      WHS(ns)      THS(ns)  THS Failing Endpoints  THS Total Endpoints     WPWS(ns)     TPWS(ns)  TPWS Failing Endpoints  TPWS Total Endpoints  
    -------      -------  ---------------------  -------------------      -------      -------  ---------------------  -------------------     --------     --------  ----------------------  --------------------  
     -2.964     -620.390                    786                 8194        0.152        0.000                      0                 8194        4.500        0.000                       0                  6148  


Timing constraints are not met.


------------------------------------------------------------------------------------------------
| Clock Summary
| -------------
------------------------------------------------------------------------------------------------

Clock  Waveform(ns)       Period(ns)      Frequency(MHz)
-----  ------------       ----------      --------------
clk    {0.000 5.000}      10.000          100.000         


------------------------------------------------------------------------------------------------
| Intra Clock Table
| -----------------
------------------------------------------------------------------------------------------------

Clock             WNS(ns)      TNS(ns)  TNS Failing Endpoints  TNS Total Endpoints      WHS(ns)      THS(ns)  THS Failing Endpoints  THS Total Endpoints     WPWS(ns)     TPWS(ns)  TPWS Failing Endpoints  TPWS Total Endpoints  
-----             -------      -------  ---------------------  -------------------      -------      -------  ---------------------  -------------------     --------     --------  ----------------------  --------------------  
clk                -2.964     -620.390                    786                 8194        0.152        0.000                      0                 8194        4.500        0.000                       0                  6148  


------------------------------------------------------------------------------------------------
| Inter Clock Table
| -----------------
------------------------------------------------------------------------------------------------

From Clock    To Clock          WNS(ns)      TNS(ns)  TNS Failing Endpoints  TNS Total Endpoints      WHS(ns)      THS(ns)  THS Failing Endpoints  THS Total Endpoints  
----------    --------          -------      -------  ---------------------  -------------------      -------      -------  ---------------------  -------------------  


------------------------------------------------------------------------------------------------
| Other Path Groups Table
| -----------------------
------------------------------------------------------------------------------------------------

Path Group    From Clock    To Clock          WNS(ns)      TNS(ns)  TNS Failing Endpoints  TNS Total Endpoints      WHS(ns)      THS(ns)  THS Failing Endpoints  THS Total Endpoints  
----------    ----------    --------          -------      -------  ---------------------  -------------------      -------      -------  ---------------------  -------------------  


------------------------------------------------------------------------------------------------
| Timing Details
| --------------
------------------------------------------------------------------------------------------------


---------------------------------------------------------------------------------------------------
From Clock:  clk
  To Clock:  clk

Setup :          786  Failing Endpoints,  Worst Slack       -2.964ns,  Total Violation     -620.390ns
Hold  :            0  Failing Endpoints,  Worst Slack        0.152ns,  Total Violation        0.000ns
PW    :            0  Failing Endpoints,  Worst Slack        4.500ns,  Total Violation        0.000ns
---------------------------------------------------------------------------------------------------


Max Delay Paths
--------------------------------------------------------------------------------------
Slack (VIOLATED) :        -2.964ns  (required time - arrival time)
  Source:                 u_decompressor/bit_i/encoded_packet_reg[15][0]/C
                            (rising edge-triggered cell FDCE clocked by clk  {rise@0.000ns fall@5.000ns period=10.000ns})
  Destination:            u_decompressor/undn_i/decoded_packet_reg[52][29]/D
                            (rising edge-triggered cell FDCE clocked by clk  {rise@0.000ns fall@5.000ns period=10.000ns})
  Path Group:             clk
  Path Type:              Setup (Max at Slow Process Corner)
  Requirement:            10.000ns  (clk rise@10.000ns - clk rise@0.000ns)
  Data Path Delay:        12.860ns  (logic 6.230ns (48.445%)  route 6.630ns (51.555%))
  Logic Levels:           16  (CARRY4=8 LUT3=3 LUT4=3 LUT6=2)
  Clock Path Skew:        -0.145ns (DCD - SCD + CPR)
    Destination Clock Delay (DCD):    2.128ns = ( 12.128 - 10.000 ) 
    Source Clock Delay      (SCD):    2.456ns
    Clock Pessimism Removal (CPR):    0.184ns
  Clock Uncertainty:      0.035ns  ((TSJ^2 + TIJ^2)^1/2 + DJ) / 2 + PE
    Total System Jitter     (TSJ):    0.071ns
    Total Input Jitter      (TIJ):    0.000ns
    Discrete Jitter          (DJ):    0.000ns
    Phase Error              (PE):    0.000ns

    Location             Delay type                Incr(ns)  Path(ns)    Netlist Resource(s)
  -------------------------------------------------------------------    -------------------
                         (clock clk rise edge)        0.000     0.000 r  
                                                      0.000     0.000 r  clk (IN)
                         net (fo=0)                   0.000     0.000    clk
                         IBUF (Prop_ibuf_I_O)         0.972     0.972 r  clk_IBUF_inst/O
                         net (fo=1, unplaced)         0.800     1.771    clk_IBUF
                         BUFG (Prop_bufg_I_O)         0.101     1.872 r  clk_IBUF_BUFG_inst/O
                         net (fo=6147, unplaced)      0.584     2.456    u_decompressor/bit_i/clk
                         FDCE                                         r  u_decompressor/bit_i/encoded_packet_reg[15][0]/C
  -------------------------------------------------------------------    -------------------
                         FDCE (Prop_fdce_C_Q)         0.478     2.934 r  u_decompressor/bit_i/encoded_packet_reg[15][0]/Q
                         net (fo=45, unplaced)        0.821     3.755    u_decompressor/bit_i/encoded_packet_reg[15][30]_0[0]
                         LUT3 (Prop_lut3_I0_O)        0.295     4.050 r  u_decompressor/bit_i/decoded_packet[46][11]_i_80/O
                         net (fo=12, unplaced)        0.497     4.547    u_decompressor/bit_i/encoded_packet_reg[15][0]_0
                         LUT4 (Prop_lut4_I3_O)        0.124     4.671 r  u_decompressor/bit_i/decoded_packet[46][11]_i_83/O
                         net (fo=7, unplaced)         0.698     5.369    u_decompressor/undn_i/decoded_packet[25][7]_i_27_1[1]
                         CARRY4 (Prop_carry4_S[1]_CO[3])
                                                      0.657     6.026 r  u_decompressor/undn_i/decoded_packet_reg[52][15]_i_112/CO[3]
                         net (fo=1, unplaced)         0.009     6.035    u_decompressor/undn_i/decoded_packet_reg[52][15]_i_112_n_0
                         CARRY4 (Prop_carry4_CI_O[3])
                                                      0.331     6.366 r  u_decompressor/undn_i/decoded_packet_reg[52][19]_i_118/O[3]
                         net (fo=2, unplaced)         0.611     6.977    u_decompressor/undn_i/decoded_packet_reg[52][19]_i_118_n_4
                         LUT3 (Prop_lut3_I0_O)        0.333     7.310 r  u_decompressor/undn_i/decoded_packet[52][19]_i_49/O
                         net (fo=2, unplaced)         0.819     8.129    u_decompressor/undn_i/decoded_packet[52][19]_i_49_n_0
                         LUT4 (Prop_lut4_I0_O)        0.355     8.484 r  u_decompressor/undn_i/decoded_packet[52][19]_i_53/O
                         net (fo=1, unplaced)         0.000     8.484    u_decompressor/undn_i/decoded_packet[52][19]_i_53_n_0
                         CARRY4 (Prop_carry4_S[0]_CO[3])
                                                      0.513     8.997 r  u_decompressor/undn_i/decoded_packet_reg[52][19]_i_37/CO[3]
                         net (fo=1, unplaced)         0.000     8.997    u_decompressor/undn_i/decoded_packet_reg[52][19]_i_37_n_0
                         CARRY4 (Prop_carry4_CI_O[3])
                                                      0.331     9.328 r  u_decompressor/undn_i/decoded_packet_reg[52][23]_i_37/O[3]
                         net (fo=2, unplaced)         0.611     9.939    u_decompressor/undn_i/decoded_packet_reg[52][23]_i_37_n_4
                         LUT3 (Prop_lut3_I0_O)        0.333    10.272 r  u_decompressor/undn_i/decoded_packet[52][23]_i_16/O
                         net (fo=2, unplaced)         0.819    11.091    u_decompressor/undn_i/decoded_packet[52][23]_i_16_n_0
                         LUT4 (Prop_lut4_I0_O)        0.355    11.446 r  u_decompressor/undn_i/decoded_packet[52][23]_i_20/O
                         net (fo=1, unplaced)         0.000    11.446    u_decompressor/undn_i/decoded_packet[52][23]_i_20_n_0
                         CARRY4 (Prop_carry4_S[0]_CO[3])
                                                      0.513    11.959 r  u_decompressor/undn_i/decoded_packet_reg[52][23]_i_10/CO[3]
                         net (fo=1, unplaced)         0.000    11.959    u_decompressor/undn_i/decoded_packet_reg[52][23]_i_10_n_0
                         CARRY4 (Prop_carry4_CI_O[3])
                                                      0.331    12.290 r  u_decompressor/undn_i/decoded_packet_reg[52][27]_i_10/O[3]
                         net (fo=4, unplaced)         0.832    13.122    u_decompressor/undn_i/decoded_packet_reg[52][27]_i_10_n_4
                         LUT6 (Prop_lut6_I0_O)        0.307    13.429 r  u_decompressor/undn_i/decoded_packet[52][27]_i_5/O
                         net (fo=2, unplaced)         0.913    14.342    u_decompressor/undn_i/decoded_packet[52][27]_i_5_n_0
                         LUT6 (Prop_lut6_I0_O)        0.124    14.466 r  u_decompressor/undn_i/decoded_packet[52][27]_i_9/O
                         net (fo=1, unplaced)         0.000    14.466    u_decompressor/undn_i/decoded_packet[52][27]_i_9_n_0
                         CARRY4 (Prop_carry4_S[0]_CO[3])
                                                      0.513    14.979 r  u_decompressor/undn_i/decoded_packet_reg[52][27]_i_1/CO[3]
                         net (fo=1, unplaced)         0.000    14.979    u_decompressor/undn_i/decoded_packet_reg[52][27]_i_1_n_0
                         CARRY4 (Prop_carry4_CI_O[1])
                                                      0.337    15.316 r  u_decompressor/undn_i/decoded_packet_reg[52][31]_i_1/O[1]
                         net (fo=1, unplaced)         0.000    15.316    u_decompressor/undn_i/recovered[52]_20[29]
                         FDCE                                         r  u_decompressor/undn_i/decoded_packet_reg[52][29]/D
  -------------------------------------------------------------------    -------------------

                         (clock clk rise edge)       10.000    10.000 r  
                                                      0.000    10.000 r  clk (IN)
                         net (fo=0)                   0.000    10.000    clk
                         IBUF (Prop_ibuf_I_O)         0.838    10.838 r  clk_IBUF_inst/O
                         net (fo=1, unplaced)         0.760    11.598    clk_IBUF
                         BUFG (Prop_bufg_I_O)         0.091    11.689 r  clk_IBUF_BUFG_inst/O
                         net (fo=6147, unplaced)      0.439    12.128    u_decompressor/undn_i/clk
                         FDCE                                         r  u_decompressor/undn_i/decoded_packet_reg[52][29]/C
                         clock pessimism              0.184    12.311    
                         clock uncertainty           -0.035    12.276    
                         FDCE (Setup_fdce_C_D)        0.076    12.352    u_decompressor/undn_i/decoded_packet_reg[52][29]
  -------------------------------------------------------------------
                         required time                         12.352    
                         arrival time                         -15.316    
  -------------------------------------------------------------------
                         slack                                 -2.964    





Min Delay Paths
--------------------------------------------------------------------------------------
Slack (MET) :             0.152ns  (arrival time - required time)
  Source:                 u_decompressor/urze_i/transposed_planes_reg[0][0]/C
                            (rising edge-triggered cell FDCE clocked by clk  {rise@0.000ns fall@5.000ns period=10.000ns})
  Destination:            u_decompressor/bit_i/encoded_packet_reg[0][0]/D
                            (rising edge-triggered cell FDCE clocked by clk  {rise@0.000ns fall@5.000ns period=10.000ns})
  Path Group:             clk
  Path Type:              Hold (Min at Fast Process Corner)
  Requirement:            0.000ns  (clk rise@0.000ns - clk rise@0.000ns)
  Data Path Delay:        0.288ns  (logic 0.147ns (51.079%)  route 0.141ns (48.921%))
  Logic Levels:           0  
  Clock Path Skew:        0.145ns (DCD - SCD - CPR)
    Destination Clock Delay (DCD):    1.032ns
    Source Clock Delay      (SCD):    0.678ns
    Clock Pessimism Removal (CPR):    0.210ns

    Location             Delay type                Incr(ns)  Path(ns)    Netlist Resource(s)
  -------------------------------------------------------------------    -------------------
                         (clock clk rise edge)        0.000     0.000 r  
                                                      0.000     0.000 r  clk (IN)
                         net (fo=0)                   0.000     0.000    clk
                         IBUF (Prop_ibuf_I_O)         0.200     0.200 r  clk_IBUF_inst/O
                         net (fo=1, unplaced)         0.337     0.538    clk_IBUF
                         BUFG (Prop_bufg_I_O)         0.026     0.564 r  clk_IBUF_BUFG_inst/O
                         net (fo=6147, unplaced)      0.114     0.678    u_decompressor/urze_i/clk
                         FDCE                                         r  u_decompressor/urze_i/transposed_planes_reg[0][0]/C
  -------------------------------------------------------------------    -------------------
                         FDCE (Prop_fdce_C_Q)         0.147     0.825 r  u_decompressor/urze_i/transposed_planes_reg[0][0]/Q
                         net (fo=1, unplaced)         0.141     0.965    u_decompressor/bit_i/transposed_planes[0][0]
                         FDCE                                         r  u_decompressor/bit_i/encoded_packet_reg[0][0]/D
  -------------------------------------------------------------------    -------------------

                         (clock clk rise edge)        0.000     0.000 r  
                                                      0.000     0.000 r  clk (IN)
                         net (fo=0)                   0.000     0.000    clk
                         IBUF (Prop_ibuf_I_O)         0.389     0.389 r  clk_IBUF_inst/O
                         net (fo=1, unplaced)         0.355     0.744    clk_IBUF
                         BUFG (Prop_bufg_I_O)         0.029     0.773 r  clk_IBUF_BUFG_inst/O
                         net (fo=6147, unplaced)      0.259     1.032    u_decompressor/bit_i/clk
                         FDCE                                         r  u_decompressor/bit_i/encoded_packet_reg[0][0]/C
                         clock pessimism             -0.210     0.823    
                         FDCE (Hold_fdce_C_D)        -0.009     0.814    u_decompressor/bit_i/encoded_packet_reg[0][0]
  -------------------------------------------------------------------
                         required time                         -0.814    
                         arrival time                           0.965    
  -------------------------------------------------------------------
                         slack                                  0.152    





Pulse Width Checks
--------------------------------------------------------------------------------------
Clock Name:         clk
Waveform(ns):       { 0.000 5.000 }
Period(ns):         10.000
Sources:            { clk }

Check Type        Corner  Lib Pin  Reference Pin  Required(ns)  Actual(ns)  Slack(ns)  Location  Pin
Min Period        n/a     BUFG/I   n/a            2.155         10.000      7.845                clk_IBUF_BUFG_inst/I
Low Pulse Width   Slow    FDCE/C   n/a            0.500         5.000       4.500                u_decompressor/bit_i/encoded_packet_reg[0][0]/C
High Pulse Width  Slow    FDCE/C   n/a            0.500         5.000       4.500                u_decompressor/bit_i/encoded_packet_reg[0][0]/C



