Copyright 1986-2022 Xilinx, Inc. All Rights Reserved. Copyright 2022-2024 Advanced Micro Devices, Inc. All Rights Reserved.
--------------------------------------------------------------------------------------------------------------------------------------------------
| Tool Version : Vivado v.2024.1.2 (win64) Build 5164865 Thu Sep  5 14:37:11 MDT 2024
| Date         : Wed Jun 24 19:25:16 2026
| Host         : Avishai-Lenovo running 64-bit major release  (build 9200)
| Command      : report_timing_summary -file C:/Users/kolet/projects/vlsi2/compressor_hw/tb/timing_compare/synth_vs_sw/reports/timing_summary.rpt
| Design       : compressor_timing_top
| Device       : 7z020-clg400
| Speed File   : -1  PRODUCTION 1.12 2019-11-22
| Design State : Synthesized
--------------------------------------------------------------------------------------------------------------------------------------------------

Timing Summary Report

------------------------------------------------------------------------------------------------
| Timer Settings
| --------------
------------------------------------------------------------------------------------------------

  Enable Multi Corner Analysis               :  Yes
  Enable Pessimism Removal                   :  Yes
  Pessimism Removal Resolution               :  Nearest Common Node
  Enable Input Delay Default Clock           :  No
  Enable Preset / Clear Arcs                 :  No
  Disable Flight Delays                      :  No
  Ignore I/O Paths                           :  No
  Timing Early Launch at Borrowing Latches   :  No
  Borrow Time for Max Delay Exceptions       :  Yes
  Merge Timing Exceptions                    :  Yes
  Inter-SLR Compensation                     :  Conservative

  Corner  Analyze    Analyze    
  Name    Max Paths  Min Paths  
  ------  ---------  ---------  
  Slow    Yes        Yes        
  Fast    Yes        Yes        


------------------------------------------------------------------------------------------------
| Report Methodology
| ------------------
------------------------------------------------------------------------------------------------

No report available as report_methodology has not been run prior. Run report_methodology on the current design for the summary of methodology violations.



check_timing report

Table of Contents
-----------------
1. checking no_clock (0)
2. checking constant_clock (0)
3. checking pulse_width_clock (0)
4. checking unconstrained_internal_endpoints (0)
5. checking no_input_delay (2)
6. checking no_output_delay (39)
7. checking multiple_clock (0)
8. checking generated_clocks (0)
9. checking loops (0)
10. checking partial_input_delay (0)
11. checking partial_output_delay (0)
12. checking latch_loops (0)

1. checking no_clock (0)
------------------------
 There are 0 register/latch pins with no clock.


2. checking constant_clock (0)
------------------------------
 There are 0 register/latch pins with constant_clock.


3. checking pulse_width_clock (0)
---------------------------------
 There are 0 register/latch pins which need pulse_width check


4. checking unconstrained_internal_endpoints (0)
------------------------------------------------
 There are 0 pins that are not constrained for maximum delay.

 There are 0 pins that are not constrained for maximum delay due to constant clock.


5. checking no_input_delay (2)
------------------------------
 There is 1 input port with no input delay specified. (HIGH)

 There is 1 input port with no input delay but user has a false path constraint. (MEDIUM)


6. checking no_output_delay (39)
--------------------------------
 There are 39 ports with no output delay specified. (HIGH)

 There are 0 ports with no output delay but user has a false path constraint

 There are 0 ports with no output delay but with a timing clock defined on it or propagating through it


7. checking multiple_clock (0)
------------------------------
 There are 0 register/latch pins with multiple clocks.


8. checking generated_clocks (0)
--------------------------------
 There are 0 generated clocks that are not connected to a clock source.


9. checking loops (0)
---------------------
 There are 0 combinational loops in the design.


10. checking partial_input_delay (0)
------------------------------------
 There are 0 input ports with partial input delay specified.


11. checking partial_output_delay (0)
-------------------------------------
 There are 0 ports with partial output delay specified.


12. checking latch_loops (0)
----------------------------
 There are 0 combinational latch loops in the design through latch input



------------------------------------------------------------------------------------------------
| Design Timing Summary
| ---------------------
------------------------------------------------------------------------------------------------

    WNS(ns)      TNS(ns)  TNS Failing Endpoints  TNS Total Endpoints      WHS(ns)      THS(ns)  THS Failing Endpoints  THS Total Endpoints     WPWS(ns)     TPWS(ns)  TPWS Failing Endpoints  TPWS Total Endpoints  
    -------      -------  ---------------------  -------------------      -------      -------  ---------------------  -------------------     --------     --------  ----------------------  --------------------  
     -6.314   -10475.143                   2053                 8270        0.152        0.000                      0                 8270        4.500        0.000                       0                  6186  


Timing constraints are not met.


------------------------------------------------------------------------------------------------
| Clock Summary
| -------------
------------------------------------------------------------------------------------------------

Clock  Waveform(ns)       Period(ns)      Frequency(MHz)
-----  ------------       ----------      --------------
clk    {0.000 5.000}      10.000          100.000         


------------------------------------------------------------------------------------------------
| Intra Clock Table
| -----------------
------------------------------------------------------------------------------------------------

Clock             WNS(ns)      TNS(ns)  TNS Failing Endpoints  TNS Total Endpoints      WHS(ns)      THS(ns)  THS Failing Endpoints  THS Total Endpoints     WPWS(ns)     TPWS(ns)  TPWS Failing Endpoints  TPWS Total Endpoints  
-----             -------      -------  ---------------------  -------------------      -------      -------  ---------------------  -------------------     --------     --------  ----------------------  --------------------  
clk                -6.314   -10475.143                   2053                 8270        0.152        0.000                      0                 8270        4.500        0.000                       0                  6186  


------------------------------------------------------------------------------------------------
| Inter Clock Table
| -----------------
------------------------------------------------------------------------------------------------

From Clock    To Clock          WNS(ns)      TNS(ns)  TNS Failing Endpoints  TNS Total Endpoints      WHS(ns)      THS(ns)  THS Failing Endpoints  THS Total Endpoints  
----------    --------          -------      -------  ---------------------  -------------------      -------      -------  ---------------------  -------------------  


------------------------------------------------------------------------------------------------
| Other Path Groups Table
| -----------------------
------------------------------------------------------------------------------------------------

Path Group    From Clock    To Clock          WNS(ns)      TNS(ns)  TNS Failing Endpoints  TNS Total Endpoints      WHS(ns)      THS(ns)  THS Failing Endpoints  THS Total Endpoints  
----------    ----------    --------          -------      -------  ---------------------  -------------------      -------      -------  ---------------------  -------------------  


------------------------------------------------------------------------------------------------
| Timing Details
| --------------
------------------------------------------------------------------------------------------------


---------------------------------------------------------------------------------------------------
From Clock:  clk
  To Clock:  clk

Setup :         2053  Failing Endpoints,  Worst Slack       -6.314ns,  Total Violation   -10475.143ns
Hold  :            0  Failing Endpoints,  Worst Slack        0.152ns,  Total Violation        0.000ns
PW    :            0  Failing Endpoints,  Worst Slack        4.500ns,  Total Violation        0.000ns
---------------------------------------------------------------------------------------------------


Max Delay Paths
--------------------------------------------------------------------------------------
Slack (VIOLATED) :        -6.314ns  (required time - arrival time)
  Source:                 u_compressor/bit_i/transposed_planes_reg[2][50]/C
                            (rising edge-triggered cell FDCE clocked by clk  {rise@0.000ns fall@5.000ns period=10.000ns})
  Destination:            u_compressor/rze_i/packed_planes_reg[16][54]/D
                            (rising edge-triggered cell FDCE clocked by clk  {rise@0.000ns fall@5.000ns period=10.000ns})
  Path Group:             clk
  Path Type:              Setup (Max at Slow Process Corner)
  Requirement:            10.000ns  (clk rise@10.000ns - clk rise@0.000ns)
  Data Path Delay:        16.178ns  (logic 3.129ns (19.341%)  route 13.049ns (80.659%))
  Logic Levels:           20  (LUT3=2 LUT4=3 LUT5=5 LUT6=10)
  Clock Path Skew:        -0.145ns (DCD - SCD + CPR)
    Destination Clock Delay (DCD):    2.128ns = ( 12.128 - 10.000 ) 
    Source Clock Delay      (SCD):    2.456ns
    Clock Pessimism Removal (CPR):    0.184ns
  Clock Uncertainty:      0.035ns  ((TSJ^2 + TIJ^2)^1/2 + DJ) / 2 + PE
    Total System Jitter     (TSJ):    0.071ns
    Total Input Jitter      (TIJ):    0.000ns
    Discrete Jitter          (DJ):    0.000ns
    Phase Error              (PE):    0.000ns

    Location             Delay type                Incr(ns)  Path(ns)    Netlist Resource(s)
  -------------------------------------------------------------------    -------------------
                         (clock clk rise edge)        0.000     0.000 r  
                                                      0.000     0.000 r  clk (IN)
                         net (fo=0)                   0.000     0.000    clk
                         IBUF (Prop_ibuf_I_O)         0.972     0.972 r  clk_IBUF_inst/O
                         net (fo=1, unplaced)         0.800     1.771    clk_IBUF
                         BUFG (Prop_bufg_I_O)         0.101     1.872 r  clk_IBUF_BUFG_inst/O
                         net (fo=6185, unplaced)      0.584     2.456    u_compressor/bit_i/clk
                         FDCE                                         r  u_compressor/bit_i/transposed_planes_reg[2][50]/C
  -------------------------------------------------------------------    -------------------
                         FDCE (Prop_fdce_C_Q)         0.478     2.934 f  u_compressor/bit_i/transposed_planes_reg[2][50]/Q
                         net (fo=4, unplaced)         0.989     3.923    u_compressor/rze_i/key_out0_inferred__1__0__0/key_out[2]_i_2_0[50]
                         LUT6 (Prop_lut6_I0_O)        0.295     4.218 f  u_compressor/rze_i/key_out0_inferred__1__0__0/key_out[2]_i_9/O
                         net (fo=1, unplaced)         1.111     5.329    u_compressor/rze_i/key_out0_inferred__1__0__0/key_out[2]_i_9_n_0
                         LUT6 (Prop_lut6_I1_O)        0.124     5.453 f  u_compressor/rze_i/key_out0_inferred__1__0__0/key_out[2]_i_5/O
                         net (fo=2, unplaced)         0.460     5.913    u_compressor/rze_i/key_out0_inferred__1__0__0/key_out[2]_i_5_n_0
                         LUT4 (Prop_lut4_I3_O)        0.124     6.037 f  u_compressor/rze_i/key_out0_inferred__1__0__0/packed_planes[31][45]_i_74/O
                         net (fo=129, unplaced)       1.008     7.045    u_compressor/rze_i/gen_packer[0].pack_i/packed_planes[0][10]_i_12
                         LUT3 (Prop_lut3_I0_O)        0.124     7.169 r  u_compressor/rze_i/gen_packer[0].pack_i/i_/out_count[5]_i_29/O
                         net (fo=18, unplaced)        0.959     8.128    u_compressor/rze_i/gen_packer[0].pack_i/key_out0_inferred__7/key_out[0]_i_1
                         LUT6 (Prop_lut6_I1_O)        0.124     8.252 r  u_compressor/rze_i/gen_packer[0].pack_i/i_/out_count[5]_i_21/O
                         net (fo=71, unplaced)        0.540     8.792    u_compressor/bit_i/packed_planes[7][62]_i_18_0
                         LUT3 (Prop_lut3_I2_O)        0.124     8.916 f  u_compressor/bit_i/packed_planes[31][45]_i_57/O
                         net (fo=109, unplaced)       0.551     9.467    u_compressor/bit_i/rze_i/group_count[0][3]
                         LUT6 (Prop_lut6_I0_O)        0.124     9.591 r  u_compressor/bit_i/out_count[5]_i_14/O
                         net (fo=3, unplaced)         1.129    10.720    u_compressor/bit_i/out_count[5]_i_14_n_0
                         LUT6 (Prop_lut6_I0_O)        0.124    10.844 r  u_compressor/bit_i/out_count[5]_i_9/O
                         net (fo=9, unplaced)         0.490    11.334    u_compressor/bit_i/out_count[5]_i_9_n_0
                         LUT4 (Prop_lut4_I3_O)        0.124    11.458 f  u_compressor/bit_i/packed_planes[31][45]_i_36/O
                         net (fo=66, unplaced)        0.538    11.996    u_compressor/bit_i/packed_planes[31][45]_i_36_n_0
                         LUT6 (Prop_lut6_I5_O)        0.124    12.120 f  u_compressor/bit_i/out_count[5]_i_13/O
                         net (fo=74, unplaced)        0.541    12.661    u_compressor/bit_i/out_count[5]_i_13_n_0
                         LUT5 (Prop_lut5_I4_O)        0.124    12.785 r  u_compressor/bit_i/out_count[5]_i_8/O
                         net (fo=13, unplaced)        0.952    13.737    u_compressor/bit_i/out_count[5]_i_8_n_0
                         LUT5 (Prop_lut5_I0_O)        0.124    13.861 r  u_compressor/bit_i/packed_planes[15][63]_i_22/O
                         net (fo=25, unplaced)        0.484    14.345    u_compressor/bit_i/packed_planes[15][63]_i_22_n_0
                         LUT6 (Prop_lut6_I4_O)        0.124    14.469 r  u_compressor/bit_i/packed_planes[16][63]_i_14/O
                         net (fo=88, unplaced)        0.515    14.984    u_compressor/bit_i/packed_planes[16][63]_i_14_n_0
                         LUT4 (Prop_lut4_I0_O)        0.124    15.108 f  u_compressor/bit_i/packed_planes[16][63]_i_19/O
                         net (fo=64, unplaced)        0.537    15.645    u_compressor/bit_i/packed_planes[16][63]_i_19_n_0
                         LUT6 (Prop_lut6_I4_O)        0.124    15.769 r  u_compressor/bit_i/packed_planes[16][54]_i_9/O
                         net (fo=1, unplaced)         0.449    16.218    u_compressor/bit_i/packed_planes[16][54]_i_9_n_0
                         LUT5 (Prop_lut5_I0_O)        0.124    16.342 r  u_compressor/bit_i/packed_planes[16][54]_i_8/O
                         net (fo=1, unplaced)         0.449    16.791    u_compressor/bit_i/packed_planes[16][54]_i_8_n_0
                         LUT5 (Prop_lut5_I2_O)        0.124    16.915 r  u_compressor/bit_i/packed_planes[16][54]_i_7/O
                         net (fo=1, unplaced)         0.449    17.364    u_compressor/bit_i/packed_planes[16][54]_i_7_n_0
                         LUT6 (Prop_lut6_I2_O)        0.124    17.488 r  u_compressor/bit_i/packed_planes[16][54]_i_4/O
                         net (fo=1, unplaced)         0.449    17.937    u_compressor/bit_i/packed_planes[16][54]_i_4_n_0
                         LUT6 (Prop_lut6_I5_O)        0.124    18.061 f  u_compressor/bit_i/packed_planes[16][54]_i_2/O
                         net (fo=1, unplaced)         0.449    18.510    u_compressor/bit_i/packed_planes[16][54]_i_2_n_0
                         LUT5 (Prop_lut5_I2_O)        0.124    18.634 r  u_compressor/bit_i/packed_planes[16][54]_i_1/O
                         net (fo=1, unplaced)         0.000    18.634    u_compressor/rze_i/dense_data[16]__0[0]
                         FDCE                                         r  u_compressor/rze_i/packed_planes_reg[16][54]/D
  -------------------------------------------------------------------    -------------------

                         (clock clk rise edge)       10.000    10.000 r  
                                                      0.000    10.000 r  clk (IN)
                         net (fo=0)                   0.000    10.000    clk
                         IBUF (Prop_ibuf_I_O)         0.838    10.838 r  clk_IBUF_inst/O
                         net (fo=1, unplaced)         0.760    11.598    clk_IBUF
                         BUFG (Prop_bufg_I_O)         0.091    11.689 r  clk_IBUF_BUFG_inst/O
                         net (fo=6185, unplaced)      0.439    12.128    u_compressor/rze_i/clk
                         FDCE                                         r  u_compressor/rze_i/packed_planes_reg[16][54]/C
                         clock pessimism              0.184    12.311    
                         clock uncertainty           -0.035    12.276    
                         FDCE (Setup_fdce_C_D)        0.044    12.320    u_compressor/rze_i/packed_planes_reg[16][54]
  -------------------------------------------------------------------
                         required time                         12.320    
                         arrival time                         -18.634    
  -------------------------------------------------------------------
                         slack                                 -6.314    





Min Delay Paths
--------------------------------------------------------------------------------------
Slack (MET) :             0.152ns  (arrival time - required time)
  Source:                 u_compressor/dn_i/encoded_packet_reg[0][0]/C
                            (rising edge-triggered cell FDCE clocked by clk  {rise@0.000ns fall@5.000ns period=10.000ns})
  Destination:            u_compressor/bit_i/transposed_planes_reg[0][0]/D
                            (rising edge-triggered cell FDCE clocked by clk  {rise@0.000ns fall@5.000ns period=10.000ns})
  Path Group:             clk
  Path Type:              Hold (Min at Fast Process Corner)
  Requirement:            0.000ns  (clk rise@0.000ns - clk rise@0.000ns)
  Data Path Delay:        0.288ns  (logic 0.147ns (51.079%)  route 0.141ns (48.921%))
  Logic Levels:           0  
  Clock Path Skew:        0.145ns (DCD - SCD - CPR)
    Destination Clock Delay (DCD):    1.032ns
    Source Clock Delay      (SCD):    0.678ns
    Clock Pessimism Removal (CPR):    0.210ns

    Location             Delay type                Incr(ns)  Path(ns)    Netlist Resource(s)
  -------------------------------------------------------------------    -------------------
                         (clock clk rise edge)        0.000     0.000 r  
                                                      0.000     0.000 r  clk (IN)
                         net (fo=0)                   0.000     0.000    clk
                         IBUF (Prop_ibuf_I_O)         0.200     0.200 r  clk_IBUF_inst/O
                         net (fo=1, unplaced)         0.337     0.538    clk_IBUF
                         BUFG (Prop_bufg_I_O)         0.026     0.564 r  clk_IBUF_BUFG_inst/O
                         net (fo=6185, unplaced)      0.114     0.678    u_compressor/dn_i/clk
                         FDCE                                         r  u_compressor/dn_i/encoded_packet_reg[0][0]/C
  -------------------------------------------------------------------    -------------------
                         FDCE (Prop_fdce_C_Q)         0.147     0.825 r  u_compressor/dn_i/encoded_packet_reg[0][0]/Q
                         net (fo=1, unplaced)         0.141     0.965    u_compressor/bit_i/transposed_planes_reg[31][0]_0[0]
                         FDCE                                         r  u_compressor/bit_i/transposed_planes_reg[0][0]/D
  -------------------------------------------------------------------    -------------------

                         (clock clk rise edge)        0.000     0.000 r  
                                                      0.000     0.000 r  clk (IN)
                         net (fo=0)                   0.000     0.000    clk
                         IBUF (Prop_ibuf_I_O)         0.389     0.389 r  clk_IBUF_inst/O
                         net (fo=1, unplaced)         0.355     0.744    clk_IBUF
                         BUFG (Prop_bufg_I_O)         0.029     0.773 r  clk_IBUF_BUFG_inst/O
                         net (fo=6185, unplaced)      0.259     1.032    u_compressor/bit_i/clk
                         FDCE                                         r  u_compressor/bit_i/transposed_planes_reg[0][0]/C
                         clock pessimism             -0.210     0.823    
                         FDCE (Hold_fdce_C_D)        -0.009     0.814    u_compressor/bit_i/transposed_planes_reg[0][0]
  -------------------------------------------------------------------
                         required time                         -0.814    
                         arrival time                           0.965    
  -------------------------------------------------------------------
                         slack                                  0.152    





Pulse Width Checks
--------------------------------------------------------------------------------------
Clock Name:         clk
Waveform(ns):       { 0.000 5.000 }
Period(ns):         10.000
Sources:            { clk }

Check Type        Corner  Lib Pin  Reference Pin  Required(ns)  Actual(ns)  Slack(ns)  Location  Pin
Min Period        n/a     BUFG/I   n/a            2.155         10.000      7.845                clk_IBUF_BUFG_inst/I
Low Pulse Width   Slow    FDCE/C   n/a            0.500         5.000       4.500                u_compressor/bit_i/transposed_planes_reg[0][0]/C
High Pulse Width  Slow    FDCE/C   n/a            0.500         5.000       4.500                u_compressor/bit_i/transposed_planes_reg[0][0]/C



